2024-05-16 23:00:56.787 [INFO]: No proxy settings found
2024-05-16 23:00:58.889 [INFO]: Creating manager directory: /tmp/eecbaf85-7147-45d1-bd41-0dda8b6be572/codeium/manager
2024-05-16 23:00:59.322 [INFO]: Using cached LS with valid crc32: /home/thomas/.vscode-oss/extensions/codeium.codeium-1.8.28-universal/dist/f4ccf0178d5d55b7439fe04a696986fe0deea492/language_server_linux_x64
2024-05-16 23:00:59.331 [INFO]: Language server started
2024-05-16 23:00:59.493 [INFO]: [Language Server (stderr)]:
I0516 23:00:59.493008 41306 main.go:553] Starting language server manager with pid 41306
I0516 23:00:59.493123 41306 main.go:110] Manager acquired its lock file /tmp/eecbaf85-7147-45d1-bd41-0dda8b6be572/codeium/manager/locks/manager.lock
2024-05-16 23:00:59.494 [INFO]: [Language Server (stderr)]:
I0516 23:00:59.493618 41306 main.go:248] Waiting for random port file in /tmp/eecbaf85-7147-45d1-bd41-0dda8b6be572/codeium/manager/child_random_port_1715877059493202746_2182428801618743326 to be created
2024-05-16 23:00:59.649 [INFO]: [Language Server (stderr)]:
I0516 23:00:59.648584 41316 main.go:547] Starting language server process with pid 41316
I0516 23:00:59.648646 41316 server.go:157] Language server will attempt to listen on host 127.0.0.1
2024-05-16 23:00:59.649 [INFO]: [Language Server (stderr)]:
I0516 23:00:59.648753 41316 server.go:164] Language server listening on random port at 40661
I0516 23:00:59.648804 41316 proxy.go:113] proxyplease.proxy> No proxy provided. Attempting to infer from system.
I0516 23:00:59.648816 41316 proxy.go:113] proxyplease.proxy> No proxy could be determined. Assuming a direct connection.
I0516 23:00:59.648837 41316 client.go:589] [DEBUG] GET https://server.codeium.com/exa.api_server_pb.ApiServerService/GetCompletions
2024-05-16 23:01:01.517 [INFO]: [Language Server (stderr)]:
I0516 23:01:01.515093 41316 unleash.go:90] Initializing Unleash
2024-05-16 23:01:03.314 [INFO]: [Language Server (stderr)]:
I0516 23:01:03.312736 41316 unleash.go:110] Successfully initialized Unleash
2024-05-16 23:01:03.347 [INFO]: [Language Server (stderr)]:
E0516 23:01:03.346217 41316 client_manager.go:262] Metadata is nil when trying to refresh user JWT
2024-05-16 23:01:03.348 [INFO]: [Language Server (stderr)]:
I0516 23:01:03.346964 41316 server.go:356] Successfully created API server client
2024-05-16 23:01:03.390 [INFO]: [Language Server (stderr)]:
I0516 23:01:03.389451 41316 server.go:365] Successfully initialized tokenizer
2024-05-16 23:01:03.390 [INFO]: [Language Server (stderr)]:
I0516 23:01:03.389870 41316 server.go:420] Local search is enabled, will index local files.
I0516 23:01:03.389889 41316 server.go:424] Using 2 indexer workers
2024-05-16 23:01:03.391 [INFO]: [Language Server (stderr)]:
I0516 23:01:03.390262 41316 search_provider.go:164] Using database at /home/thomas/.codeium/database/9c0694567290725d9dcba14ade58e297/2/MODEL_EMBED_6591
2024-05-16 23:01:03.406 [INFO]: [Language Server (stderr)]:
I0516 23:01:03.405539 41316 search_provider.go:176] Successfully created embedding search database
2024-05-16 23:01:03.407 [INFO]: [Language Server (stderr)]:
I0516 23:01:03.406201 41316 search_provider.go:198] Successfully created and started indexer
I0516 23:01:03.406273 41316 search_provider.go:224] Successfully created embedding search provider
I0516 23:01:03.406303 41316 server.go:458] Successfully created exact search provider
2024-05-16 23:01:03.416 [INFO]: [Language Server (stderr)]:
I0516 23:01:03.415496 41316 server.go:486] Successfully created completion provider
2024-05-16 23:01:03.500 [INFO]: [Language Server (stderr)]:
I0516 23:01:03.500031 41316 server.go:576] Child process attempting to acquire lock file /tmp/eecbaf85-7147-45d1-bd41-0dda8b6be572/codeium/manager/locks/child_lock_1715877059493255614_2077174838432004095
I0516 23:01:03.500107 41316 server.go:586] Child process acquired lock file /tmp/eecbaf85-7147-45d1-bd41-0dda8b6be572/codeium/manager/locks/child_lock_1715877059493255614_2077174838432004095
2024-05-16 23:01:03.505 [INFO]: [Language Server (stderr)]:
I0516 23:01:03.505119 41316 server.go:184] LSP listening on random port at 45297
2024-05-16 23:01:03.506 [INFO]: [Language Server (stderr)]:
I0516 23:01:03.505455 41316 web_server.go:239] Chat Web Server listening at ws://127.0.0.1:42941
2024-05-16 23:01:03.516 [INFO]: [Language Server (stdout)]:
45297
2024-05-16 23:01:03.516 [INFO]: [Language Server (stderr)]:
I0516 23:01:03.515791 41306 main.go:284] Language server manager found random server port 40661
I0516 23:01:03.515818 41306 main.go:285] Language server manager found random lsp port 45297
I0516 23:01:03.515842 41306 main.go:292] Language server manager attempting to connect to language server at 127.0.0.1:40661
2024-05-16 23:01:03.538 [INFO]: [Language Server (stderr)]:
I0516 23:01:03.538108 41306 main.go:163] Fixing language server port at 40661
I0516 23:01:03.538127 41306 main.go:343] Language server manager successfully connected to new language server at 127.0.0.1:40661
2024-05-16 23:01:03.573 [INFO]: Found language server running on port 40661
2024-05-16 23:01:03.599 [INFO]: Downloaded binary: /home/thomas/.codeium/bin/af6b6c543b224d348a8876f0c06245d9ea7929c5/ripgrep_linux_x64
2024-05-16 23:01:03.619 [INFO]: [Language Server (stderr)]:
I0516 23:01:03.614646 41316 utils.go:159] Analyzing workspace files for /home/thomas/Documents/projects/CPlusPlus/BMI_Calculator/
I0516 23:01:03.614813 41316 utils.go:214] Done analyzing workspace files for /home/thomas/Documents/projects/CPlusPlus/BMI_Calculator/
I0516 23:01:03.614835 41316 lsp.go:186] Found 3 files in workspace /home/thomas/Documents/projects/CPlusPlus/BMI_Calculator/
I0516 23:01:03.614893 41316 indexing_listener.go:151] Add workspace event with uid: 1
2024-05-16 23:01:03.621 [INFO]: [Language Server (stderr)]:
I0516 23:01:03.620808 41316 rpcs_miscellaneous.go:103] Ripgrep available at /home/thomas/.codeium/bin/af6b6c543b224d348a8876f0c06245d9ea7929c5/ripgrep_linux_x64
2024-05-16 23:01:03.697 [INFO]: [Language Server (stderr)]:
I0516 23:01:03.696328 41316 indexing_listener.go:179] Done enqueue workspace with uid: 1
2024-05-16 23:01:04.520 [INFO]: [Language Server (stderr)]:
I0516 23:01:04.519225 41316 rpcs_miscellaneous.go:297] University version is up to date.
2024-05-16 23:01:06.502 [INFO]: [Language Server (stderr)]:
I0516 23:01:06.501753 41316 lazy_model.go:29] Successfully created faiss index
2024-05-16 23:01:12.997 [INFO]: Completion request was cancelled by token (160.98ms)
2024-05-16 23:01:14.076 [INFO]: Completion request succeeded (1031.58ms)
2024-05-16 23:01:14.079 [INFO]: No completions were generated
2024-05-16 23:01:14.079 [INFO]: provideInlineCompletionItems request succeeded (1034.71ms)
2024-05-16 23:01:14.725 [INFO]: Completion request was cancelled by token (57.4ms)
2024-05-16 23:01:16.568 [INFO]: Completion request succeeded (1791.87ms)
2024-05-16 23:01:16.570 [INFO]: No completions were generated
2024-05-16 23:01:16.570 [INFO]: provideInlineCompletionItems request succeeded (1795.63ms)
2024-05-16 23:01:38.299 [INFO]: [Language Server (stderr)]:
I0516 23:01:38.293004 41316 lazy_model.go:29] Successfully created faiss index
2024-05-16 23:02:03.749 [INFO]: Completion request was cancelled by token (33.1ms)
2024-05-16 23:02:03.813 [INFO]: Completion request was cancelled by token (20.19ms)
2024-05-16 23:02:03.991 [INFO]: Completion request was cancelled by token (127.88ms)
2024-05-16 23:02:04.173 [INFO]: Completion request was cancelled by token (138.12ms)
2024-05-16 23:02:04.321 [INFO]: Completion request was cancelled by token (104.04ms)
2024-05-16 23:02:04.897 [INFO]: Completion request was cancelled by token (529.11ms)
2024-05-16 23:02:04.985 [INFO]: Skipping completions because autocomplete is open
2024-05-16 23:02:06.279 [INFO]: Completion request succeeded (1087.46ms)
2024-05-16 23:02:06.282 [INFO]: Generated 5 completions
2024-05-16 23:02:06.290 [INFO]: provideInlineCompletionItems request succeeded (1099.18ms)
2024-05-16 23:02:06.790 [INFO]: Completion request was cancelled by token (113.5ms)
2024-05-16 23:02:06.953 [INFO]: Completion request was cancelled by token (114.52ms)
2024-05-16 23:02:07.117 [INFO]: Completion request was cancelled by token (117.66ms)
2024-05-16 23:02:07.270 [INFO]: Completion request was cancelled by token (105.76ms)
2024-05-16 23:02:07.439 [INFO]: Completion request was cancelled by token (120.16ms)
2024-05-16 23:02:07.600 [INFO]: Completion request was cancelled by token (116.21ms)
2024-05-16 23:02:07.986 [INFO]: Completion request was cancelled by token (341.46ms)
2024-05-16 23:02:09.321 [INFO]: Completion request was cancelled by token (1283.98ms)
2024-05-16 23:02:13.069 [INFO]: Completion request was cancelled by token (433.89ms)
2024-05-16 23:02:14.145 [INFO]: Completion request was cancelled by token (1026.64ms)
2024-05-16 23:02:14.326 [INFO]: Completion request was cancelled by token (139.75ms)
2024-05-16 23:02:14.578 [INFO]: Completion request was cancelled by token (218.68ms)
2024-05-16 23:02:14.775 [INFO]: Completion request was cancelled by token (160.33ms)
2024-05-16 23:02:15.059 [INFO]: Completion request was cancelled by token (241.37ms)
2024-05-16 23:02:15.127 [INFO]: Skipping completions because autocomplete is open
2024-05-16 23:02:15.463 [INFO]: Completion request was cancelled by token (50.05ms)
2024-05-16 23:02:15.686 [INFO]: Completion request was cancelled by token (174.92ms)
2024-05-16 23:02:15.920 [INFO]: Completion request was cancelled by token (190.2ms)
2024-05-16 23:02:15.994 [INFO]: Completion request was cancelled by token (33.83ms)
2024-05-16 23:02:16.182 [INFO]: Completion request was cancelled by token (149.63ms)
2024-05-16 23:02:16.257 [INFO]: Completion request was cancelled by token (35.25ms)
2024-05-16 23:02:16.716 [INFO]: Completion request was cancelled by token (411.95ms)
2024-05-16 23:02:16.894 [INFO]: Completion request was cancelled by token (132.89ms)
2024-05-16 23:02:17.039 [INFO]: Completion request was cancelled by token (106.71ms)
2024-05-16 23:02:17.697 [INFO]: Completion request was cancelled by token (615.25ms)
2024-05-16 23:02:19.048 [INFO]: Completion request was cancelled by token (902.23ms)
2024-05-16 23:02:19.789 [INFO]: Completion request was cancelled by token (693.16ms)
2024-05-16 23:02:20.463 [INFO]: Completion request was cancelled by token (618.61ms)
2024-05-16 23:02:21.218 [INFO]: Completion request was cancelled by token (722.79ms)
2024-05-16 23:02:21.794 [INFO]: Completion request was cancelled by token (539ms)
2024-05-16 23:02:23.117 [INFO]: Completion request succeeded (1279.95ms)
2024-05-16 23:02:23.120 [INFO]: No completions were generated
2024-05-16 23:02:23.121 [INFO]: provideInlineCompletionItems request succeeded (1285.21ms)
2024-05-16 23:02:30.406 [INFO]: Completion request was cancelled by token (121.06ms)
2024-05-16 23:02:30.995 [INFO]: Completion request was cancelled by token (547.43ms)
2024-05-16 23:02:32.848 [INFO]: Completion request succeeded (1817.46ms)
2024-05-16 23:02:32.851 [INFO]: No completions were generated
2024-05-16 23:02:32.852 [INFO]: provideInlineCompletionItems request succeeded (1821.64ms)
2024-05-16 23:02:34.976 [INFO]: Completion request was cancelled by token (535.4ms)
2024-05-16 23:02:37.010 [INFO]: Completion request succeeded (1991.76ms)
2024-05-16 23:02:37.013 [INFO]: Generated 1 completion
2024-05-16 23:02:37.015 [INFO]: provideInlineCompletionItems request succeeded (1998.56ms)
2024-05-16 23:02:40.318 [INFO]: Completion request was cancelled by token (677.55ms)
2024-05-16 23:02:41.739 [INFO]: Completion request succeeded (1371.58ms)
2024-05-16 23:02:41.741 [INFO]: Generated 3 completions
2024-05-16 23:02:41.742 [INFO]: provideInlineCompletionItems request succeeded (1374.12ms)
2024-05-16 23:02:44.050 [INFO]: Completion request succeeded (1023.82ms)
2024-05-16 23:02:44.051 [INFO]: No completions were generated
2024-05-16 23:02:44.051 [INFO]: provideInlineCompletionItems request succeeded (1025.24ms)
2024-05-16 23:02:44.516 [INFO]: Completion request was cancelled by token (243.57ms)
2024-05-16 23:02:44.560 [INFO]: Completion request succeeded (8.22ms)
2024-05-16 23:02:44.561 [INFO]: Generated 1 completion
2024-05-16 23:02:44.562 [INFO]: provideInlineCompletionItems request succeeded (9.95ms)
2024-05-16 23:02:46.124 [INFO]: Completion request succeeded (1483.81ms)
2024-05-16 23:02:46.128 [INFO]: Generated 3 completions
2024-05-16 23:02:46.132 [INFO]: provideInlineCompletionItems request succeeded (1491.72ms)
2024-05-16 23:02:48.404 [INFO]: Completion request was cancelled by token (24.82ms)
2024-05-16 23:02:49.541 [INFO]: Completion request was cancelled by token (1086.03ms)
2024-05-16 23:02:50.811 [INFO]: Completion request was cancelled by token (1222.38ms)
2024-05-16 23:02:51.539 [INFO]: Completion request was cancelled by token (689.63ms)
2024-05-16 23:02:53.119 [INFO]: Completion request was cancelled by token (1539.47ms)
2024-05-16 23:02:54.144 [INFO]: Completion request succeeded (978.92ms)
2024-05-16 23:02:54.148 [INFO]: No completions were generated
2024-05-16 23:02:54.149 [INFO]: provideInlineCompletionItems request succeeded (984.24ms)
2024-05-16 23:02:54.674 [INFO]: Completion request was cancelled by token (78.3ms)
2024-05-16 23:02:55.886 [INFO]: Completion request was cancelled by token (1160.51ms)
2024-05-16 23:02:56.166 [INFO]: Completion request was cancelled by token (231.65ms)
2024-05-16 23:02:56.332 [INFO]: Completion request was cancelled by token (131.79ms)
2024-05-16 23:02:57.339 [INFO]: Completion request was cancelled by token (959.4ms)
2024-05-16 23:02:58.407 [INFO]: Completion request succeeded (1018.77ms)
2024-05-16 23:02:58.407 [INFO]: No completions were generated
2024-05-16 23:02:58.408 [INFO]: provideInlineCompletionItems request succeeded (1020.7ms)
2024-05-16 23:02:59.566 [INFO]: Completion request succeeded (1075.56ms)
2024-05-16 23:02:59.567 [INFO]: No completions were generated
2024-05-16 23:02:59.568 [INFO]: provideInlineCompletionItems request succeeded (1078.92ms)
2024-05-16 23:03:02.106 [INFO]: Completion request succeeded (1060.28ms)
2024-05-16 23:03:02.108 [INFO]: No completions were generated
2024-05-16 23:03:02.109 [INFO]: provideInlineCompletionItems request succeeded (1064.23ms)
2024-05-16 23:09:03.348 [INFO]: [Language Server (stderr)]:
I0516 23:09:03.347097 41316 client_manager.go:240] Pruning inactive client for {e412a21e-a518-4ee7-b307-e2fd4fac34f2 7b5a717a-c01b-455d-a274-b5bfd1f0b156}
