2024-04-25 11:52:25.764 [info] Extension host with pid 253939 started
2024-04-25 11:52:25.764 [info] Skipping acquiring lock for /home/thomas/.config/Code - OSS/User/workspaceStorage/0ca3bfcccf2ae7addc6f81eef66c44a8.
2024-04-25 11:52:25.843 [info] ExtensionService#_doActivateExtension vscode.git-base, startup: true, activationEvent: '*', root cause: vscode.git
2024-04-25 11:52:25.854 [info] ExtensionService#_doActivateExtension christian-kohler.path-intellisense, startup: true, activationEvent: '*'
2024-04-25 11:52:25.903 [info] ExtensionService#_doActivateExtension formulahendry.auto-close-tag, startup: true, activationEvent: '*'
2024-04-25 11:52:25.907 [info] ExtensionService#_doActivateExtension formulahendry.auto-rename-tag, startup: true, activationEvent: '*'
2024-04-25 11:52:25.928 [info] ExtensionService#_doActivateExtension s-nlf-fh.glassit, startup: true, activationEvent: '*'
2024-04-25 11:52:26.167 [info] ExtensionService#_doActivateExtension vscode.git, startup: true, activationEvent: '*'
2024-04-25 11:52:26.216 [info] ExtensionService#_doActivateExtension vscode.github, startup: true, activationEvent: '*'
2024-04-25 11:52:26.421 [info] ExtensionService#_doActivateExtension vscode.json-language-features, startup: false, activationEvent: 'onLanguage:jsonc'
2024-04-25 11:52:26.457 [info] ExtensionService#_doActivateExtension vscode.typescript-language-features, startup: false, activationEvent: 'onLanguage:jsonc'
2024-04-25 11:52:26.508 [info] ExtensionService#_doActivateExtension vscode.emmet, startup: false, activationEvent: 'onLanguage'
2024-04-25 11:52:26.607 [info] Eager extensions activated
2024-04-25 11:52:26.691 [info] ExtensionService#_doActivateExtension vscode.debug-auto-launch, startup: false, activationEvent: 'onStartupFinished'
2024-04-25 11:52:26.694 [info] ExtensionService#_doActivateExtension vscode.merge-conflict, startup: false, activationEvent: 'onStartupFinished'
2024-04-25 11:52:26.705 [info] ExtensionService#_doActivateExtension bradlc.vscode-tailwindcss, startup: false, activationEvent: 'onStartupFinished'
2024-04-25 11:52:26.735 [info] ExtensionService#_doActivateExtension Catppuccin.catppuccin-vsc, startup: false, activationEvent: 'onStartupFinished'
2024-04-25 11:52:26.739 [info] ExtensionService#_doActivateExtension Codeium.codeium, startup: false, activationEvent: 'onStartupFinished'
2024-04-25 11:52:26.964 [info] ExtensionService#_doActivateExtension cyrilletuzi.angular-schematics, startup: false, activationEvent: 'onStartupFinished'
2024-04-25 11:52:27.182 [info] ExtensionService#_doActivateExtension dbaeumer.vscode-eslint, startup: false, activationEvent: 'onStartupFinished'
2024-04-25 11:52:27.193 [info] ExtensionService#_doActivateExtension esbenp.prettier-vscode, startup: false, activationEvent: 'onStartupFinished'
2024-04-25 11:52:27.228 [info] ExtensionService#_doActivateExtension PKief.material-icon-theme, startup: false, activationEvent: 'onStartupFinished'
2024-04-25 11:52:27.331 [info] ExtensionService#_doActivateExtension vscode.github-authentication, startup: false, activationEvent: 'onAuthenticationRequest:github'
2024-04-25 11:53:06.935 [info] Extension host terminating: renderer closed the MessagePort
2024-04-25 11:53:06.960 [error] Canceled: Canceled
    at new O (/usr/lib/code/out/vs/workbench/api/node/extensionHostProcess.js:142:46998)
    at u.U (/usr/lib/code/out/vs/workbench/api/node/extensionHostProcess.js:149:5539)
    at Proxy.F.<computed>.T.charCodeAt.F.<computed> (/usr/lib/code/out/vs/workbench/api/node/extensionHostProcess.js:149:2993)
    at d.g (/usr/lib/code/out/vs/workbench/api/node/extensionHostProcess.js:152:186335)
    at d.executeCommand (/usr/lib/code/out/vs/workbench/api/node/extensionHostProcess.js:152:185773)
    at E.registerCommand.description (/usr/lib/code/out/vs/workbench/api/node/extensionHostProcess.js:152:185097)
    at d.h (/usr/lib/code/out/vs/workbench/api/node/extensionHostProcess.js:152:186874)
    at d.g (/usr/lib/code/out/vs/workbench/api/node/extensionHostProcess.js:152:185866)
    at d.executeCommand (/usr/lib/code/out/vs/workbench/api/node/extensionHostProcess.js:152:185773)
    at Object.executeCommand (/usr/lib/code/out/vs/workbench/api/node/extensionHostProcess.js:162:22785)
    at o.O [as value] (/usr/lib/code/extensions/git/dist/main.js:2:945802)
    at s.y (/usr/lib/code/out/vs/workbench/api/node/extensionHostProcess.js:82:659)
    at s.z (/usr/lib/code/out/vs/workbench/api/node/extensionHostProcess.js:82:729)
    at s.fire (/usr/lib/code/out/vs/workbench/api/node/extensionHostProcess.js:82:945)
    at Object.m [as dispose] (/usr/lib/code/extensions/git/dist/main.js:2:964886)
    at /usr/lib/code/extensions/git/dist/main.js:2:970920
    at Array.forEach (<anonymous>)
    at f.dispose (/usr/lib/code/extensions/git/dist/main.js:2:970906)
    at a.<anonymous> (/usr/lib/code/out/vs/workbench/api/node/extensionHostProcess.js:150:3830)
    at a.dispose (/usr/lib/code/out/vs/workbench/api/node/extensionHostProcess.js:150:3927)
    at a.<anonymous> (/usr/lib/code/extensions/git/dist/main.js:2:948059)
    at a.dispose (/usr/lib/code/out/vs/workbench/api/node/extensionHostProcess.js:150:3927)
    at o (/usr/lib/code/out/vs/workbench/api/node/extensionHostProcess.js:30:714)
    at m.eb (/usr/lib/code/out/vs/workbench/api/node/extensionHostProcess.js:158:9967)
    at /usr/lib/code/out/vs/workbench/api/node/extensionHostProcess.js:158:7816
    at Array.map (<anonymous>)
    at m.$ (/usr/lib/code/out/vs/workbench/api/node/extensionHostProcess.js:158:7803)
    at m.terminate (/usr/lib/code/out/vs/workbench/api/node/extensionHostProcess.js:158:8077)
    at o.terminate (/usr/lib/code/out/vs/workbench/api/node/extensionHostProcess.js:162:1513)
    at t (/usr/lib/code/out/vs/workbench/api/node/extensionHostProcess.js:175:9917)
    at MessagePortMain.<anonymous> (/usr/lib/code/out/vs/workbench/api/node/extensionHostProcess.js:175:6342)
    at MessagePortMain.emit (node:events:517:28)
    at MessagePortMain.emit (node:domain:489:12)
    at Object.MessagePortMain._internalPort.emit (node:electron/js2c/utility_init:2:2285) setContext undefined
2024-04-25 11:53:06.963 [error] Canceled: Canceled
    at new O (/usr/lib/code/out/vs/workbench/api/node/extensionHostProcess.js:142:46998)
    at u.U (/usr/lib/code/out/vs/workbench/api/node/extensionHostProcess.js:149:5539)
    at Proxy.F.<computed>.T.charCodeAt.F.<computed> (/usr/lib/code/out/vs/workbench/api/node/extensionHostProcess.js:149:2993)
    at d.g (/usr/lib/code/out/vs/workbench/api/node/extensionHostProcess.js:152:186335)
    at d.executeCommand (/usr/lib/code/out/vs/workbench/api/node/extensionHostProcess.js:152:185773)
    at E.registerCommand.description (/usr/lib/code/out/vs/workbench/api/node/extensionHostProcess.js:152:185097)
    at d.h (/usr/lib/code/out/vs/workbench/api/node/extensionHostProcess.js:152:186874)
    at d.g (/usr/lib/code/out/vs/workbench/api/node/extensionHostProcess.js:152:185866)
    at d.executeCommand (/usr/lib/code/out/vs/workbench/api/node/extensionHostProcess.js:152:185773)
    at Object.executeCommand (/usr/lib/code/out/vs/workbench/api/node/extensionHostProcess.js:162:22785)
    at a.VscodeDevShareProvider.set hasGitHubRepositories [as hasGitHubRepositories] (/usr/lib/code/extensions/github/dist/extension.js:2:324866)
    at /usr/lib/code/extensions/github/dist/extension.js:2:325825
    at o.value (/usr/lib/code/extensions/git/dist/main.js:2:1051703)
    at s.y (/usr/lib/code/out/vs/workbench/api/node/extensionHostProcess.js:82:659)
    at s.z (/usr/lib/code/out/vs/workbench/api/node/extensionHostProcess.js:82:729)
    at s.fire (/usr/lib/code/out/vs/workbench/api/node/extensionHostProcess.js:82:945)
    at Object.m [as dispose] (/usr/lib/code/extensions/git/dist/main.js:2:964886)
    at /usr/lib/code/extensions/git/dist/main.js:2:970920
    at Array.forEach (<anonymous>)
    at f.dispose (/usr/lib/code/extensions/git/dist/main.js:2:970906)
    at a.<anonymous> (/usr/lib/code/out/vs/workbench/api/node/extensionHostProcess.js:150:3830)
    at a.dispose (/usr/lib/code/out/vs/workbench/api/node/extensionHostProcess.js:150:3927)
    at a.<anonymous> (/usr/lib/code/extensions/git/dist/main.js:2:948059)
    at a.dispose (/usr/lib/code/out/vs/workbench/api/node/extensionHostProcess.js:150:3927)
    at o (/usr/lib/code/out/vs/workbench/api/node/extensionHostProcess.js:30:714)
    at m.eb (/usr/lib/code/out/vs/workbench/api/node/extensionHostProcess.js:158:9967)
    at /usr/lib/code/out/vs/workbench/api/node/extensionHostProcess.js:158:7816
    at Array.map (<anonymous>)
    at m.$ (/usr/lib/code/out/vs/workbench/api/node/extensionHostProcess.js:158:7803)
    at m.terminate (/usr/lib/code/out/vs/workbench/api/node/extensionHostProcess.js:158:8077)
    at o.terminate (/usr/lib/code/out/vs/workbench/api/node/extensionHostProcess.js:162:1513)
    at t (/usr/lib/code/out/vs/workbench/api/node/extensionHostProcess.js:175:9917)
    at MessagePortMain.<anonymous> (/usr/lib/code/out/vs/workbench/api/node/extensionHostProcess.js:175:6342)
    at MessagePortMain.emit (node:events:517:28)
    at MessagePortMain.emit (node:domain:489:12)
    at Object.MessagePortMain._internalPort.emit (node:electron/js2c/utility_init:2:2285) setContext undefined
2024-04-25 11:53:06.967 [info] Extension host with pid 253939 exiting with code 0
2024-04-25 11:53:09.202 [info] Extension host with pid 255622 started
2024-04-25 11:53:09.202 [info] Skipping acquiring lock for /home/thomas/.config/Code - OSS/User/workspaceStorage/74c5d8a8b881b150f446c93652c5a377.
2024-04-25 11:53:09.500 [info] ExtensionService#_doActivateExtension vscode.emmet, startup: false, activationEvent: 'onLanguage'
2024-04-25 11:53:09.513 [info] ExtensionService#_doActivateExtension vscode.typescript-language-features, startup: false, activationEvent: 'onLanguage:typescript'
2024-04-25 11:53:09.556 [info] ExtensionService#_doActivateExtension Angular.ng-template, startup: false, activationEvent: 'onLanguage:typescript'
2024-04-25 11:53:09.935 [info] ExtensionService#_doActivateExtension christian-kohler.npm-intellisense, startup: false, activationEvent: 'onLanguage:typescript'
2024-04-25 11:53:10.304 [info] ExtensionService#_doActivateExtension vscode.git-base, startup: true, activationEvent: '*', root cause: vscode.git
2024-04-25 11:53:10.308 [info] ExtensionService#_doActivateExtension christian-kohler.path-intellisense, startup: true, activationEvent: '*'
2024-04-25 11:53:10.332 [info] ExtensionService#_doActivateExtension formulahendry.auto-close-tag, startup: true, activationEvent: '*'
2024-04-25 11:53:10.334 [info] ExtensionService#_doActivateExtension formulahendry.auto-rename-tag, startup: true, activationEvent: '*'
2024-04-25 11:53:10.348 [info] ExtensionService#_doActivateExtension s-nlf-fh.glassit, startup: true, activationEvent: '*'
2024-04-25 11:53:10.378 [info] ExtensionService#_doActivateExtension vscode.npm, startup: true, activationEvent: 'workspaceContains:package.json'
2024-04-25 11:53:10.806 [info] ExtensionService#_doActivateExtension vscode.git, startup: true, activationEvent: '*'
2024-04-25 11:53:10.857 [info] ExtensionService#_doActivateExtension vscode.github, startup: true, activationEvent: '*'
2024-04-25 11:53:11.402 [info] Eager extensions activated
2024-04-25 11:53:11.658 [info] ExtensionService#_doActivateExtension vscode.debug-auto-launch, startup: false, activationEvent: 'onStartupFinished'
2024-04-25 11:53:11.661 [info] ExtensionService#_doActivateExtension vscode.merge-conflict, startup: false, activationEvent: 'onStartupFinished'
2024-04-25 11:53:11.670 [info] ExtensionService#_doActivateExtension bradlc.vscode-tailwindcss, startup: false, activationEvent: 'onStartupFinished'
2024-04-25 11:53:11.705 [info] ExtensionService#_doActivateExtension Catppuccin.catppuccin-vsc, startup: false, activationEvent: 'onStartupFinished'
2024-04-25 11:53:11.712 [info] ExtensionService#_doActivateExtension Codeium.codeium, startup: false, activationEvent: 'onStartupFinished'
2024-04-25 11:53:12.040 [info] ExtensionService#_doActivateExtension cyrilletuzi.angular-schematics, startup: false, activationEvent: 'onStartupFinished'
2024-04-25 11:53:12.519 [info] ExtensionService#_doActivateExtension dbaeumer.vscode-eslint, startup: false, activationEvent: 'onStartupFinished'
2024-04-25 11:53:12.536 [info] ExtensionService#_doActivateExtension esbenp.prettier-vscode, startup: false, activationEvent: 'onStartupFinished'
2024-04-25 11:53:12.605 [info] ExtensionService#_doActivateExtension PKief.material-icon-theme, startup: false, activationEvent: 'onStartupFinished'
2024-04-25 11:53:12.988 [info] ExtensionService#_doActivateExtension vscode.json-language-features, startup: false, activationEvent: 'onLanguage:jsonc'
2024-04-25 11:53:23.414 [error] [Codeium.codeium] provider FAILED
2024-04-25 11:53:23.415 [error] TypeError: Cannot read properties of undefined (reading 'codeLenses')
    at /home/thomas/.vscode-oss/extensions/codeium.codeium-1.8.28-universal/dist/extension.js:2:876547
    at Array.map (<anonymous>)
    at x (/home/thomas/.vscode-oss/extensions/codeium.codeium-1.8.28-universal/dist/extension.js:2:876521)
    at e.<anonymous> (/home/thomas/.vscode-oss/extensions/codeium.codeium-1.8.28-universal/dist/extension.js:2:881151)
    at h (/home/thomas/.vscode-oss/extensions/codeium.codeium-1.8.28-universal/dist/extension.js:2:867265)
    at Generator.<anonymous> (/home/thomas/.vscode-oss/extensions/codeium.codeium-1.8.28-universal/dist/extension.js:2:868611)
    at Generator.next (/home/thomas/.vscode-oss/extensions/codeium.codeium-1.8.28-universal/dist/extension.js:2:867694)
    at s (/home/thomas/.vscode-oss/extensions/codeium.codeium-1.8.28-universal/dist/extension.js:2:873833)
    at a (/home/thomas/.vscode-oss/extensions/codeium.codeium-1.8.28-universal/dist/extension.js:2:874036)
2024-04-25 15:33:01.388 [info] Extension host terminating: renderer closed the MessagePort
2024-04-25 15:33:01.434 [error] Canceled: Canceled
    at new O (/usr/lib/code/out/vs/workbench/api/node/extensionHostProcess.js:142:46998)
    at u.U (/usr/lib/code/out/vs/workbench/api/node/extensionHostProcess.js:149:5539)
    at Proxy.F.<computed>.T.charCodeAt.F.<computed> (/usr/lib/code/out/vs/workbench/api/node/extensionHostProcess.js:149:2993)
    at d.g (/usr/lib/code/out/vs/workbench/api/node/extensionHostProcess.js:152:186335)
    at d.executeCommand (/usr/lib/code/out/vs/workbench/api/node/extensionHostProcess.js:152:185773)
    at E.registerCommand.description (/usr/lib/code/out/vs/workbench/api/node/extensionHostProcess.js:152:185097)
    at d.h (/usr/lib/code/out/vs/workbench/api/node/extensionHostProcess.js:152:186874)
    at d.g (/usr/lib/code/out/vs/workbench/api/node/extensionHostProcess.js:152:185866)
    at d.executeCommand (/usr/lib/code/out/vs/workbench/api/node/extensionHostProcess.js:152:185773)
    at Object.executeCommand (/usr/lib/code/out/vs/workbench/api/node/extensionHostProcess.js:162:22785)
    at o.O [as value] (/usr/lib/code/extensions/git/dist/main.js:2:945802)
    at s.y (/usr/lib/code/out/vs/workbench/api/node/extensionHostProcess.js:82:659)
    at s.z (/usr/lib/code/out/vs/workbench/api/node/extensionHostProcess.js:82:729)
    at s.fire (/usr/lib/code/out/vs/workbench/api/node/extensionHostProcess.js:82:945)
    at Object.m [as dispose] (/usr/lib/code/extensions/git/dist/main.js:2:964886)
    at /usr/lib/code/extensions/git/dist/main.js:2:970920
    at Array.forEach (<anonymous>)
    at f.dispose (/usr/lib/code/extensions/git/dist/main.js:2:970906)
    at a.<anonymous> (/usr/lib/code/out/vs/workbench/api/node/extensionHostProcess.js:150:3830)
    at a.dispose (/usr/lib/code/out/vs/workbench/api/node/extensionHostProcess.js:150:3927)
    at a.<anonymous> (/usr/lib/code/extensions/git/dist/main.js:2:948059)
    at a.dispose (/usr/lib/code/out/vs/workbench/api/node/extensionHostProcess.js:150:3927)
    at o (/usr/lib/code/out/vs/workbench/api/node/extensionHostProcess.js:30:714)
    at m.eb (/usr/lib/code/out/vs/workbench/api/node/extensionHostProcess.js:158:9967)
    at /usr/lib/code/out/vs/workbench/api/node/extensionHostProcess.js:158:7816
    at Array.map (<anonymous>)
    at m.$ (/usr/lib/code/out/vs/workbench/api/node/extensionHostProcess.js:158:7803)
    at m.terminate (/usr/lib/code/out/vs/workbench/api/node/extensionHostProcess.js:158:8077)
    at o.terminate (/usr/lib/code/out/vs/workbench/api/node/extensionHostProcess.js:162:1513)
    at t (/usr/lib/code/out/vs/workbench/api/node/extensionHostProcess.js:175:9917)
    at MessagePortMain.<anonymous> (/usr/lib/code/out/vs/workbench/api/node/extensionHostProcess.js:175:6342)
    at MessagePortMain.emit (node:events:517:28)
    at MessagePortMain.emit (node:domain:489:12)
    at Object.MessagePortMain._internalPort.emit (node:electron/js2c/utility_init:2:2285) setContext undefined
2024-04-25 15:33:01.437 [error] Canceled: Canceled
    at new O (/usr/lib/code/out/vs/workbench/api/node/extensionHostProcess.js:142:46998)
    at u.U (/usr/lib/code/out/vs/workbench/api/node/extensionHostProcess.js:149:5539)
    at Proxy.F.<computed>.T.charCodeAt.F.<computed> (/usr/lib/code/out/vs/workbench/api/node/extensionHostProcess.js:149:2993)
    at d.g (/usr/lib/code/out/vs/workbench/api/node/extensionHostProcess.js:152:186335)
    at d.executeCommand (/usr/lib/code/out/vs/workbench/api/node/extensionHostProcess.js:152:185773)
    at E.registerCommand.description (/usr/lib/code/out/vs/workbench/api/node/extensionHostProcess.js:152:185097)
    at d.h (/usr/lib/code/out/vs/workbench/api/node/extensionHostProcess.js:152:186874)
    at d.g (/usr/lib/code/out/vs/workbench/api/node/extensionHostProcess.js:152:185866)
    at d.executeCommand (/usr/lib/code/out/vs/workbench/api/node/extensionHostProcess.js:152:185773)
    at Object.executeCommand (/usr/lib/code/out/vs/workbench/api/node/extensionHostProcess.js:162:22785)
    at a.VscodeDevShareProvider.set hasGitHubRepositories [as hasGitHubRepositories] (/usr/lib/code/extensions/github/dist/extension.js:2:324866)
    at /usr/lib/code/extensions/github/dist/extension.js:2:325825
    at o.value (/usr/lib/code/extensions/git/dist/main.js:2:1051703)
    at s.y (/usr/lib/code/out/vs/workbench/api/node/extensionHostProcess.js:82:659)
    at s.z (/usr/lib/code/out/vs/workbench/api/node/extensionHostProcess.js:82:729)
    at s.fire (/usr/lib/code/out/vs/workbench/api/node/extensionHostProcess.js:82:945)
    at Object.m [as dispose] (/usr/lib/code/extensions/git/dist/main.js:2:964886)
    at /usr/lib/code/extensions/git/dist/main.js:2:970920
    at Array.forEach (<anonymous>)
    at f.dispose (/usr/lib/code/extensions/git/dist/main.js:2:970906)
    at a.<anonymous> (/usr/lib/code/out/vs/workbench/api/node/extensionHostProcess.js:150:3830)
    at a.dispose (/usr/lib/code/out/vs/workbench/api/node/extensionHostProcess.js:150:3927)
    at a.<anonymous> (/usr/lib/code/extensions/git/dist/main.js:2:948059)
    at a.dispose (/usr/lib/code/out/vs/workbench/api/node/extensionHostProcess.js:150:3927)
    at o (/usr/lib/code/out/vs/workbench/api/node/extensionHostProcess.js:30:714)
    at m.eb (/usr/lib/code/out/vs/workbench/api/node/extensionHostProcess.js:158:9967)
    at /usr/lib/code/out/vs/workbench/api/node/extensionHostProcess.js:158:7816
    at Array.map (<anonymous>)
    at m.$ (/usr/lib/code/out/vs/workbench/api/node/extensionHostProcess.js:158:7803)
    at m.terminate (/usr/lib/code/out/vs/workbench/api/node/extensionHostProcess.js:158:8077)
    at o.terminate (/usr/lib/code/out/vs/workbench/api/node/extensionHostProcess.js:162:1513)
    at t (/usr/lib/code/out/vs/workbench/api/node/extensionHostProcess.js:175:9917)
    at MessagePortMain.<anonymous> (/usr/lib/code/out/vs/workbench/api/node/extensionHostProcess.js:175:6342)
    at MessagePortMain.emit (node:events:517:28)
    at MessagePortMain.emit (node:domain:489:12)
    at Object.MessagePortMain._internalPort.emit (node:electron/js2c/utility_init:2:2285) setContext undefined
2024-04-25 15:33:01.452 [error] Canceled: Canceled
    at new O (/usr/lib/code/out/vs/workbench/api/node/extensionHostProcess.js:142:46998)
    at u.U (/usr/lib/code/out/vs/workbench/api/node/extensionHostProcess.js:149:5539)
    at Proxy.F.<computed>.T.charCodeAt.F.<computed> (/usr/lib/code/out/vs/workbench/api/node/extensionHostProcess.js:149:2993)
    at d.g (/usr/lib/code/out/vs/workbench/api/node/extensionHostProcess.js:152:186335)
    at d.executeCommand (/usr/lib/code/out/vs/workbench/api/node/extensionHostProcess.js:152:185773)
    at E.registerCommand.description (/usr/lib/code/out/vs/workbench/api/node/extensionHostProcess.js:152:185097)
    at d.h (/usr/lib/code/out/vs/workbench/api/node/extensionHostProcess.js:152:186874)
    at d.g (/usr/lib/code/out/vs/workbench/api/node/extensionHostProcess.js:152:185866)
    at d.executeCommand (/usr/lib/code/out/vs/workbench/api/node/extensionHostProcess.js:152:185773)
    at Object.executeCommand (/usr/lib/code/out/vs/workbench/api/node/extensionHostProcess.js:162:22785)
    at LT (/home/thomas/.vscode-oss/extensions/bradlc.vscode-tailwindcss-0.10.2-universal/dist/extension.js:43:6988)
    at /home/thomas/.vscode-oss/extensions/bradlc.vscode-tailwindcss-0.10.2-universal/dist/extension.js:43:15292
    at er (/home/thomas/.vscode-oss/extensions/bradlc.vscode-tailwindcss-0.10.2-universal/dist/extension.js:4:1357)
    at Zn (/home/thomas/.vscode-oss/extensions/bradlc.vscode-tailwindcss-0.10.2-universal/dist/extension.js:3:6843)
    at Immediate.<anonymous> (/home/thomas/.vscode-oss/extensions/bradlc.vscode-tailwindcss-0.10.2-universal/dist/extension.js:3:6721)
    at processImmediate (node:internal/timers:476:21) setContext undefined
2024-04-25 15:33:01.471 [info] Extension host with pid 255622 exiting with code 0
