2024-04-29 10:18:55.555 [info] Starting TS Server
2024-04-29 10:18:55.556 [info] Using tsserver from: /usr/lib/code/extensions/node_modules/typescript/lib/tsserver.js
2024-04-29 10:18:55.556 [info] <syntax> Forking...
2024-04-29 10:18:55.556 [info] <syntax> Starting...
2024-04-29 10:18:55.556 [info] <semantic> Forking...
2024-04-29 10:18:55.556 [info] <semantic> Starting...
2024-04-29 11:23:34.935 [error] TSServer exited. Code: null. Signal: SIGTERM
2024-04-29 11:23:34.935 [info] Starting TS Server
2024-04-29 11:23:34.935 [info] Not starting server: disposed
2024-04-29 11:23:35.932 [info] Starting TS Server
2024-04-29 11:23:35.932 [info] Using tsserver from: /usr/lib/code/extensions/node_modules/typescript/lib/tsserver.js
2024-04-29 11:23:35.932 [info] <syntax> Forking...
2024-04-29 11:23:35.932 [info] <syntax> Starting...
2024-04-29 11:23:35.932 [info] <semantic> Forking...
2024-04-29 11:23:35.932 [info] <semantic> Starting...
2024-04-29 11:23:38.420 [error] TSServer exited. Code: null. Signal: SIGTERM
2024-04-29 11:23:38.420 [info] Starting TS Server
2024-04-29 11:23:38.420 [info] Not starting server: disposed
2024-04-29 11:23:38.975 [info] Starting TS Server
2024-04-29 11:23:38.975 [info] Using tsserver from: /usr/lib/code/extensions/node_modules/typescript/lib/tsserver.js
2024-04-29 11:23:38.975 [info] <syntax> Forking...
2024-04-29 11:23:38.975 [info] <syntax> Starting...
2024-04-29 11:23:38.975 [info] <semantic> Forking...
2024-04-29 11:23:38.975 [info] <semantic> Starting...
