2024-04-29 11:23:55.611 [info] Active editor: file:///home/thomas/Documents/projects/multiPro/src/App.tsx
2024-04-29 11:24:52.130 [info] Active editor: file:///home/thomas/Documents/projects/multiPro/src/App.tsx
2024-04-29 11:28:59.868 [info] /home/thomas/.config/Code - OSS/User/settings.json closed
2024-04-29 11:28:59.910 [info] Configuration changed
2024-04-29 11:29:00.966 [info] /home/thomas/.config/Code - OSS/User/settings.json closed
2024-04-29 11:29:00.993 [info] Configuration changed
2024-04-29 11:32:15.606 [info] Configuration changed
2024-04-29 11:32:24.210 [info] Active editor: file:///home/thomas/Documents/projects/multiPro/src/App.tsx
2024-04-29 11:32:47.934 [info] /home/thomas/.config/Code - OSS/User/settings.json closed
2024-04-29 11:32:47.968 [info] Configuration changed
2024-04-29 11:32:49.218 [info] /home/thomas/.config/Code - OSS/User/settings.json closed
2024-04-29 11:32:49.251 [info] Configuration changed
2024-04-29 11:32:50.199 [info] /home/thomas/.config/Code - OSS/User/settings.json closed
2024-04-29 11:32:50.225 [info] Configuration changed
2024-04-29 11:32:50.577 [info] Configuration changed
2024-04-29 11:32:50.651 [info] /home/thomas/.config/Code - OSS/User/settings.json closed
2024-04-29 11:32:58.579 [info] /home/thomas/.config/Code - OSS/User/settings.json closed
2024-04-29 11:32:58.620 [info] Configuration changed
2024-04-29 11:33:00.856 [info] Active editor: file:///home/thomas/Documents/projects/multiPro/src/App.tsx
2024-04-29 11:34:10.932 [info] Configuration changed
2024-04-29 11:34:12.956 [info] Active editor: file:///home/thomas/Documents/projects/multiPro/src/App.tsx
2024-04-29 11:34:28.274 [info] Active editor: output:extension-output-wayou.vscode-todo-highlight-%231-TodoHighlight
2024-04-29 11:34:42.971 [info] Active editor: file:///home/thomas/Documents/projects/multiPro/src/index.css
2024-04-29 11:34:53.254 [info] Active editor: file:///home/thomas/Documents/projects/multiPro/src/App.tsx
2024-04-29 11:34:55.983 [info] Active editor: file:///home/thomas/Documents/projects/multiPro/src/index.css
2024-04-29 11:35:02.598 [info] Active editor: file:///home/thomas/Documents/projects/multiPro/src/index.css
2024-04-29 11:35:06.393 [info] Active editor: file:///home/thomas/Documents/projects/multiPro/src/App.tsx
2024-04-29 11:35:08.534 [info] Active editor: file:///home/thomas/Documents/projects/multiPro/src/main.tsx
2024-04-29 11:35:11.104 [info] Active editor: file:///home/thomas/Documents/projects/multiPro/src/App.tsx
2024-04-29 11:35:16.903 [info] Active editor: file:///home/thomas/Documents/projects/multiPro/src/main.tsx
2024-04-29 11:35:37.329 [info] Active editor: file:///home/thomas/Documents/projects/multiPro/src/App.tsx
2024-04-29 11:35:38.864 [info] /home/thomas/Documents/projects/multiPro/src/App.tsx closed
2024-04-29 11:35:38.876 [info] Active editor: file:///home/thomas/Documents/projects/multiPro/src/main.tsx
2024-04-29 11:35:42.575 [info] /home/thomas/Documents/projects/multiPro/src/main.tsx closed
2024-04-29 11:35:42.587 [info] Active editor: file:///home/thomas/Documents/projects/multiPro/src/index.css
2024-04-29 11:35:44.765 [info] /home/thomas/Documents/projects/multiPro/src/index.css closed
2024-04-29 11:35:58.426 [info] Active editor: file:///home/thomas/Documents/projects/multiPro/src/App.tsx
2024-04-29 11:36:04.367 [info] Active editor: file:///home/thomas/Documents/projects/multiPro/src/index.css
2024-04-29 11:36:28.392 [info] Active editor: output:extension-output-wayou.vscode-todo-highlight-%231-TodoHighlight
2024-04-29 11:36:33.414 [info] Active editor: file:///home/thomas/Documents/projects/multiPro/src/index.css
2024-04-29 11:36:39.011 [info] Active editor: output:extension-output-wayou.vscode-todo-highlight-%231-TodoHighlight
2024-04-29 11:36:46.925 [info] Active editor: file:///home/thomas/Documents/projects/multiPro/src/index.css
2024-04-29 11:36:54.222 [info] Active editor: output:extension-output-wayou.vscode-todo-highlight-%231-TodoHighlight
2024-04-29 11:37:24.866 [info] Active editor: file:///home/thomas/Documents/projects/multiPro/src/index.css
2024-04-29 11:37:27.802 [info] /home/thomas/Documents/projects/multiPro/postcss.config.js closed
2024-04-29 11:37:27.808 [info] /home/thomas/Documents/projects/multiPro/src/new.js closed
2024-04-29 11:37:27.812 [info] /home/thomas/Documents/projects/multiPro/src/vite-env.d.ts closed
2024-04-29 11:37:27.818 [info] /home/thomas/Documents/projects/multiPro/index.html closed
2024-04-29 11:37:27.823 [info] /home/thomas/Documents/projects/multiPro/vite.config.ts closed
2024-04-29 11:37:27.827 [info] /home/thomas/Documents/projects/multiPro/tailwind.config.js closed
2024-04-29 11:37:29.250 [info] /home/thomas/Documents/projects/multiPro/tsconfig.json closed
2024-04-29 11:37:29.776 [info] /home/thomas/Documents/projects/multiPro/tsconfig.node.json closed
2024-04-29 11:37:40.879 [info] Active editor: output:extension-output-wayou.vscode-todo-highlight-%231-TodoHighlight
2024-04-29 11:37:46.519 [info] Active editor: file:///home/thomas/Documents/projects/multiPro/src/index.css
2024-04-29 11:37:47.343 [info] Active editor: output:extension-output-wayou.vscode-todo-highlight-%231-TodoHighlight
2024-04-29 11:37:47.468 [info] Active editor: file:///home/thomas/Documents/projects/multiPro/src/index.css
2024-04-29 11:37:48.112 [info] Active editor: output:extension-output-wayou.vscode-todo-highlight-%231-TodoHighlight
2024-04-29 11:37:48.287 [info] Active editor: file:///home/thomas/Documents/projects/multiPro/src/App.tsx
2024-04-29 11:39:39.000 [info] /home/thomas/Documents/projects/multiPro/src/main.tsx closed
2024-04-29 11:40:40.854 [info] /home/thomas/Documents/projects/multiPro/postcss.config.js closed
2024-04-29 11:40:40.863 [info] /home/thomas/Documents/projects/multiPro/tailwind.config.js closed
2024-04-29 11:40:40.868 [info] /home/thomas/Documents/projects/multiPro/index.html closed
2024-04-29 11:40:40.870 [info] /home/thomas/Documents/projects/multiPro/vite.config.ts closed
2024-04-29 11:40:40.872 [info] /home/thomas/Documents/projects/multiPro/src/new.js closed
2024-04-29 11:40:40.875 [info] /home/thomas/Documents/projects/multiPro/src/vite-env.d.ts closed
2024-04-29 11:40:48.382 [info] /home/thomas/Documents/projects/multiPro/tsconfig.node.json closed
2024-04-29 11:40:48.436 [info] /home/thomas/Documents/projects/multiPro/tsconfig.json closed
