2024-05-16 23:00:54.014 [info] Added views:workbench.panel.markers.view in workbench.panel.markers
2024-05-16 23:00:54.014 [info] Added views:workbench.panel.output in workbench.panel.output
2024-05-16 23:00:54.014 [info] Added views:terminal in terminal
2024-05-16 23:00:54.014 [info] Added views:outline in workbench.view.explorer
2024-05-16 23:00:54.014 [info] Added views:workbench.scm in workbench.view.scm
2024-05-16 23:00:54.014 [info] Added views:workbench.view.search in workbench.view.search
2024-05-16 23:00:54.014 [info] Added views:timeline in workbench.view.explorer
2024-05-16 23:00:54.014 [info] Added views:workbench.explorer.fileView in workbench.view.explorer
2024-05-16 23:00:54.298 [info] Added views:codeium.chatPanelView,codeium.searchPanelView in workbench.view.extension.codeium
2024-05-16 23:00:54.540 [info] Added views:workbench.debug.variablesView,workbench.debug.watchExpressionsView,workbench.debug.callStackView,workbench.debug.breakPointsView in workbench.view.debug
2024-05-16 23:00:54.673 [info] Added views:~remote.forwardedPorts in ~remote.forwardedPortsContainer
2024-05-16 23:00:54.828 [info] Added views:workbench.panel.repl.view in workbench.panel.repl
2024-05-16 23:00:54.830 [info] Removed views:workbench.debug.breakPointsView,workbench.debug.callStackView,workbench.debug.watchExpressionsView,workbench.debug.variablesView from workbench.view.debug
2024-05-16 23:00:54.831 [info] Added views:workbench.debug.welcome in workbench.view.debug
2024-05-16 23:00:56.839 [info] Added views:angular-schematics in workbench.view.extension.angular
2024-05-16 23:00:58.884 [info] Added views:workbench.panel.comments in workbench.panel.comments
2024-05-16 23:01:17.049 [info] Added views:workbench.views.extensions.installed,workbench.views.extensions.popular,extensions.recommendedList in workbench.view.extensions
2024-05-16 23:01:17.052 [info] Removed views:workbench.views.extensions.popular from workbench.view.extensions
2024-05-16 23:01:23.013 [info] Removed views:extensions.recommendedList,workbench.views.extensions.installed from workbench.view.extensions
2024-05-16 23:01:23.024 [info] Added views:workbench.views.extensions.marketplace in workbench.view.extensions
