#1	file:///home/thomas/Documents/projects/multiPro/src/App.tsx:3:6
	TODO: testing now

#1	file:///home/thomas/Documents/projects/multiPro/src/index.css:4:4
	TODO: */

#2	file:///home/thomas/Documents/projects/multiPro/src/App.tsx:3:6
	TODO: testing now

#1	file:///home/thomas/Documents/projects/multiPro/src/index.css:4:4
	TODO: do me a favour*/

#2	file:///home/thomas/Documents/projects/multiPro/src/App.tsx:3:6
	TODO: testing now

#1	file:///home/thomas/Documents/projects/multiPro/src/App.tsx:3:6
	TODO: testing now

#2	file:///home/thomas/Documents/projects/multiPro/src/index.css:4:4
	TODO: do me a favour*/

#1	file:///home/thomas/Documents/projects/multiPro/src/App.tsx:3:6
	TODO: testing now

#2	file:///home/thomas/Documents/projects/multiPro/src/index.css:4:4
	TODO: do me a favour*/

#3	file:///home/thomas/Documents/projects/multiPro/src/index.css:6:4
	FIXME: now */

