2024-04-29 10:18:45.375 [info] Started local extension host with pid 442625.
2024-04-29 10:18:48.185 [info] [perf] Render performance baseline is 83ms
2024-04-29 10:18:59.115 [error] Cannot read properties of undefined (reading 'codeLenses'): TypeError: Cannot read properties of undefined (reading 'codeLenses')
    at /home/thomas/.vscode-oss/extensions/codeium.codeium-1.8.28-universal/dist/extension.js:2:876547
    at Array.map (<anonymous>)
    at x (/home/thomas/.vscode-oss/extensions/codeium.codeium-1.8.28-universal/dist/extension.js:2:876521)
    at e.<anonymous> (/home/thomas/.vscode-oss/extensions/codeium.codeium-1.8.28-universal/dist/extension.js:2:881151)
    at h (/home/thomas/.vscode-oss/extensions/codeium.codeium-1.8.28-universal/dist/extension.js:2:867265)
    at Generator.<anonymous> (/home/thomas/.vscode-oss/extensions/codeium.codeium-1.8.28-universal/dist/extension.js:2:868611)
    at Generator.next (/home/thomas/.vscode-oss/extensions/codeium.codeium-1.8.28-universal/dist/extension.js:2:867694)
    at s (/home/thomas/.vscode-oss/extensions/codeium.codeium-1.8.28-universal/dist/extension.js:2:873833)
    at a (/home/thomas/.vscode-oss/extensions/codeium.codeium-1.8.28-universal/dist/extension.js:2:874036)
2024-04-29 11:21:43.507 [info] Ignoring configured affinity for 'asvetliakov.vscode-neovim' because extension host(s) are already running. Reload window.
2024-04-29 11:23:35.254 [info] Started local extension host with pid 559929.
2024-04-29 11:23:36.420 [info] Ignoring configured affinity for 'asvetliakov.vscode-neovim' because extension host(s) are already running. Reload window.
2024-04-29 11:23:36.729 [error] No registered selector for ID: ms-vscode.npm-command
2024-04-29 11:23:38.121 [info] Started local extension host with pid 560129.
2024-04-29 11:23:40.111 [error] No registered selector for ID: ms-vscode.npm-command
2024-04-29 11:23:53.177 [error] ENOENT: no such file or directory, open '/home/thomas/.config/Code - OSS/User/globalStorage/vscodevim.vim/.registers': Error: ENOENT: no such file or directory, open '/home/thomas/.config/Code - OSS/User/globalStorage/vscodevim.vim/.registers'
2024-04-29 11:24:04.591 [error] <semantic> TypeScript Server Error (5.4.5)
BADCLIENT: Bad error code, 7027 not found in range 142..147 (found: false); could have caused this error:
Debug Failure. Token and statement should start at the same point. {"statementKind":"ReturnStatement","tokenKind":"CloseParenToken","errorCode":7027,"start":142,"length":5}
Error: BADCLIENT: Bad error code, 7027 not found in range 142..147 (found: false); could have caused this error:
Debug Failure. Token and statement should start at the same point. {"statementKind":"ReturnStatement","tokenKind":"CloseParenToken","errorCode":7027,"start":142,"length":5}
    at doChange27 (/usr/lib/code/extensions/node_modules/typescript/lib/tsserver.js:155650:11)
    at /usr/lib/code/extensions/node_modules/typescript/lib/tsserver.js:155633:79
    at _ChangeTracker.with (/usr/lib/code/extensions/node_modules/typescript/lib/tsserver.js:170624:5)
    at Object.getCodeActions (/usr/lib/code/extensions/node_modules/typescript/lib/tsserver.js:155633:62)
    at /usr/lib/code/extensions/node_modules/typescript/lib/tsserver.js:148588:46
    at flatMap (/usr/lib/code/extensions/node_modules/typescript/lib/tsserver.js:2609:17)
    at Object.getFixes (/usr/lib/code/extensions/node_modules/typescript/lib/tsserver.js:148588:10)
    at /usr/lib/code/extensions/node_modules/typescript/lib/tsserver.js:146859:33
    at flatMap (/usr/lib/code/extensions/node_modules/typescript/lib/tsserver.js:2609:17)
    at Object.getCodeFixesAtPosition (/usr/lib/code/extensions/node_modules/typescript/lib/tsserver.js:146857:12)
    at IpcIOSession.getCodeFixes (/usr/lib/code/extensions/node_modules/typescript/lib/tsserver.js:187265:50)
    at getCodeFixes (/usr/lib/code/extensions/node_modules/typescript/lib/tsserver.js:185371:43)
    at /usr/lib/code/extensions/node_modules/typescript/lib/tsserver.js:187569:69
    at IpcIOSession.executeWithRequestId (/usr/lib/code/extensions/node_modules/typescript/lib/tsserver.js:187561:14)
    at IpcIOSession.executeCommand (/usr/lib/code/extensions/node_modules/typescript/lib/tsserver.js:187569:29)
    at IpcIOSession.onMessage (/usr/lib/code/extensions/node_modules/typescript/lib/tsserver.js:187611:51)
    at process.<anonymous> (/usr/lib/code/extensions/node_modules/typescript/lib/tsserver.js:189220:14)
    at process.emit (node:events:517:28)
    at emit (node:internal/child_process:944:14)
    at process.processTicksAndRejections (node:internal/process/task_queues:83:21): Error: <semantic> TypeScript Server Error (5.4.5)
BADCLIENT: Bad error code, 7027 not found in range 142..147 (found: false); could have caused this error:
Debug Failure. Token and statement should start at the same point. {"statementKind":"ReturnStatement","tokenKind":"CloseParenToken","errorCode":7027,"start":142,"length":5}
Error: BADCLIENT: Bad error code, 7027 not found in range 142..147 (found: false); could have caused this error:
Debug Failure. Token and statement should start at the same point. {"statementKind":"ReturnStatement","tokenKind":"CloseParenToken","errorCode":7027,"start":142,"length":5}
    at doChange27 (/usr/lib/code/extensions/node_modules/typescript/lib/tsserver.js:155650:11)
    at /usr/lib/code/extensions/node_modules/typescript/lib/tsserver.js:155633:79
    at _ChangeTracker.with (/usr/lib/code/extensions/node_modules/typescript/lib/tsserver.js:170624:5)
    at Object.getCodeActions (/usr/lib/code/extensions/node_modules/typescript/lib/tsserver.js:155633:62)
    at /usr/lib/code/extensions/node_modules/typescript/lib/tsserver.js:148588:46
    at flatMap (/usr/lib/code/extensions/node_modules/typescript/lib/tsserver.js:2609:17)
    at Object.getFixes (/usr/lib/code/extensions/node_modules/typescript/lib/tsserver.js:148588:10)
    at /usr/lib/code/extensions/node_modules/typescript/lib/tsserver.js:146859:33
    at flatMap (/usr/lib/code/extensions/node_modules/typescript/lib/tsserver.js:2609:17)
    at Object.getCodeFixesAtPosition (/usr/lib/code/extensions/node_modules/typescript/lib/tsserver.js:146857:12)
    at IpcIOSession.getCodeFixes (/usr/lib/code/extensions/node_modules/typescript/lib/tsserver.js:187265:50)
    at getCodeFixes (/usr/lib/code/extensions/node_modules/typescript/lib/tsserver.js:185371:43)
    at /usr/lib/code/extensions/node_modules/typescript/lib/tsserver.js:187569:69
    at IpcIOSession.executeWithRequestId (/usr/lib/code/extensions/node_modules/typescript/lib/tsserver.js:187561:14)
    at IpcIOSession.executeCommand (/usr/lib/code/extensions/node_modules/typescript/lib/tsserver.js:187569:29)
    at IpcIOSession.onMessage (/usr/lib/code/extensions/node_modules/typescript/lib/tsserver.js:187611:51)
    at process.<anonymous> (/usr/lib/code/extensions/node_modules/typescript/lib/tsserver.js:189220:14)
    at process.emit (node:events:517:28)
    at emit (node:internal/child_process:944:14)
    at process.processTicksAndRejections (node:internal/process/task_queues:83:21)
    at Function.create (/usr/lib/code/extensions/typescript-language-features/dist/extension.js:1:471001)
    at v.dispatchResponse (/usr/lib/code/extensions/typescript-language-features/dist/extension.js:1:464981)
    at v.dispatchMessage (/usr/lib/code/extensions/typescript-language-features/dist/extension.js:1:463835)
    at ChildProcess.<anonymous> (/usr/lib/code/extensions/typescript-language-features/dist/extension.js:1:463328)
    at ChildProcess.emit (node:events:517:28)
    at ChildProcess.emit (node:domain:489:12)
    at emit (node:internal/child_process:944:14)
    at processTicksAndRejections (node:internal/process/task_queues:83:21)
2024-04-29 11:35:38.905 [error] Unable to read file '/home/thomas/Documents/projects/multiPro/src/App.tsx' (Error: File not modified since): Error: Unable to read file '/home/thomas/Documents/projects/multiPro/src/App.tsx' (Error: File not modified since)
    at n.F (vscode-file://vscode-app/usr/lib/code/out/vs/workbench/workbench.desktop.main.js:657:19875)
    at n.D (vscode-file://vscode-app/usr/lib/code/out/vs/workbench/workbench.desktop.main.js:657:19763)
    at async l.M (vscode-file://vscode-app/usr/lib/code/out/vs/workbench/workbench.desktop.main.js:2370:42596)
    at async l.readStream (vscode-file://vscode-app/usr/lib/code/out/vs/workbench/workbench.desktop.main.js:2370:42353)
    at async L.Cb (vscode-file://vscode-app/usr/lib/code/out/vs/workbench/workbench.desktop.main.js:2359:13615)
    at async L.resolve (vscode-file://vscode-app/usr/lib/code/out/vs/workbench/workbench.desktop.main.js:2359:12062)
    at async vscode-file://vscode-app/usr/lib/code/out/vs/workbench/workbench.desktop.main.js:2370:38464
2024-04-29 11:35:42.613 [error] Unable to read file '/home/thomas/Documents/projects/multiPro/src/main.tsx' (Error: File not modified since): Error: Unable to read file '/home/thomas/Documents/projects/multiPro/src/main.tsx' (Error: File not modified since)
    at n.F (vscode-file://vscode-app/usr/lib/code/out/vs/workbench/workbench.desktop.main.js:657:19875)
    at n.D (vscode-file://vscode-app/usr/lib/code/out/vs/workbench/workbench.desktop.main.js:657:19763)
    at async l.M (vscode-file://vscode-app/usr/lib/code/out/vs/workbench/workbench.desktop.main.js:2370:42596)
    at async l.readStream (vscode-file://vscode-app/usr/lib/code/out/vs/workbench/workbench.desktop.main.js:2370:42353)
    at async L.Cb (vscode-file://vscode-app/usr/lib/code/out/vs/workbench/workbench.desktop.main.js:2359:13615)
    at async L.resolve (vscode-file://vscode-app/usr/lib/code/out/vs/workbench/workbench.desktop.main.js:2359:12062)
    at async vscode-file://vscode-app/usr/lib/code/out/vs/workbench/workbench.desktop.main.js:2370:38464
2024-04-29 11:35:44.780 [error] Unable to read file '/home/thomas/Documents/projects/multiPro/src/index.css' (Error: File not modified since): Error: Unable to read file '/home/thomas/Documents/projects/multiPro/src/index.css' (Error: File not modified since)
    at n.F (vscode-file://vscode-app/usr/lib/code/out/vs/workbench/workbench.desktop.main.js:657:19875)
    at n.D (vscode-file://vscode-app/usr/lib/code/out/vs/workbench/workbench.desktop.main.js:657:19763)
    at async l.M (vscode-file://vscode-app/usr/lib/code/out/vs/workbench/workbench.desktop.main.js:2370:42596)
    at async l.readStream (vscode-file://vscode-app/usr/lib/code/out/vs/workbench/workbench.desktop.main.js:2370:42353)
    at async L.Cb (vscode-file://vscode-app/usr/lib/code/out/vs/workbench/workbench.desktop.main.js:2359:13615)
    at async L.resolve (vscode-file://vscode-app/usr/lib/code/out/vs/workbench/workbench.desktop.main.js:2359:12062)
    at async vscode-file://vscode-app/usr/lib/code/out/vs/workbench/workbench.desktop.main.js:2370:38464
2024-04-29 11:43:16.224 [error] [Extension Host] FetchError: Unleash Repository error: network timeout at: https://unleash.codeium.com/api/client/features
    at Timeout.<anonymous> (/home/thomas/.vscode-oss/extensions/codeium.codeium-1.8.28-universal/dist/extension.js:2:2323441)
    at listOnTimeout (node:internal/timers:569:17)
    at processTimers (node:internal/timers:512:7)
2024-04-29 11:49:34.483 [error] [Extension Host] FetchError: Unleash Repository error: network timeout at: https://unleash.codeium.com/api/client/features
    at Timeout.<anonymous> (/home/thomas/.vscode-oss/extensions/codeium.codeium-1.8.28-universal/dist/extension.js:2:2323441)
    at listOnTimeout (node:internal/timers:569:17)
    at processTimers (node:internal/timers:512:7)
2024-04-29 11:50:43.567 [error] [Extension Host] FetchError: Unleash Repository error: network timeout at: https://unleash.codeium.com/api/client/features
    at Timeout.<anonymous> (/home/thomas/.vscode-oss/extensions/codeium.codeium-1.8.28-universal/dist/extension.js:2:2323441)
    at listOnTimeout (node:internal/timers:569:17)
    at processTimers (node:internal/timers:512:7)
