2024-04-29 10:18:45.083 [info] Added views:workbench.panel.markers.view in workbench.panel.markers
2024-04-29 10:18:45.083 [info] Added views:workbench.panel.output in workbench.panel.output
2024-04-29 10:18:45.083 [info] Added views:terminal in terminal
2024-04-29 10:18:45.083 [info] Added views:outline in workbench.view.explorer
2024-04-29 10:18:45.083 [info] Added views:workbench.scm in workbench.view.scm
2024-04-29 10:18:45.083 [info] Added views:workbench.view.search in workbench.view.search
2024-04-29 10:18:45.083 [info] Added views:timeline in workbench.view.explorer
2024-04-29 10:18:45.083 [info] Added views:workbench.explorer.fileView in workbench.view.explorer
2024-04-29 10:18:45.646 [info] Added views:codeium.chatPanelView,codeium.searchPanelView in workbench.view.extension.codeium
2024-04-29 10:18:46.007 [info] Added views:workbench.debug.variablesView,workbench.debug.watchExpressionsView,workbench.debug.callStackView,workbench.debug.breakPointsView in workbench.view.debug
2024-04-29 10:18:46.049 [info] Added views:workbench.panel.repl.view in workbench.panel.repl
2024-04-29 10:18:46.051 [info] Removed views:workbench.debug.breakPointsView,workbench.debug.callStackView,workbench.debug.watchExpressionsView,workbench.debug.variablesView from workbench.view.debug
2024-04-29 10:18:46.052 [info] Added views:workbench.debug.welcome in workbench.view.debug
2024-04-29 10:18:46.395 [info] Added views:~remote.forwardedPorts in ~remote.forwardedPortsContainer
2024-04-29 10:18:48.389 [info] Added views:angular-schematics in workbench.view.extension.angular
2024-04-29 10:18:49.959 [info] Added views:workbench.panel.comments in workbench.panel.comments
2024-04-29 11:21:14.686 [info] Added views:workbench.views.extensions.installed,workbench.views.extensions.popular,extensions.recommendedList in workbench.view.extensions
2024-04-29 11:21:14.702 [info] Removed views:workbench.views.extensions.popular from workbench.view.extensions
2024-04-29 11:21:16.638 [info] Removed views:extensions.recommendedList,workbench.views.extensions.installed from workbench.view.extensions
2024-04-29 11:21:16.647 [info] Added views:workbench.views.extensions.marketplace in workbench.view.extensions
2024-04-29 11:23:35.500 [info] Removed views:workbench.panel.repl.view from workbench.panel.repl
2024-04-29 11:23:35.670 [info] Added views:workbench.panel.repl.view in workbench.panel.repl
2024-04-29 11:23:38.473 [info] Removed views:workbench.panel.repl.view from workbench.panel.repl
2024-04-29 11:23:38.631 [info] Added views:workbench.panel.repl.view in workbench.panel.repl
