2024-05-05 10:50:34.754 [INFO]: No proxy settings found
2024-05-05 10:50:36.608 [INFO]: Creating manager directory: /tmp/d939d057-adff-462a-acff-5120d3efa8c4/codeium/manager
2024-05-05 10:50:37.276 [INFO]: Using cached LS with valid crc32: /home/thomas/.vscode-oss/extensions/codeium.codeium-1.8.28-universal/dist/f4ccf0178d5d55b7439fe04a696986fe0deea492/language_server_linux_x64
2024-05-05 10:50:37.290 [INFO]: Language server started
2024-05-05 10:50:37.612 [INFO]: [Language Server (stderr)]:
I0505 10:50:37.611244 148655 main.go:553] Starting language server manager with pid 148655
I0505 10:50:37.611448 148655 main.go:110] Manager acquired its lock file /tmp/d939d057-adff-462a-acff-5120d3efa8c4/codeium/manager/locks/manager.lock
2024-05-05 10:50:37.613 [INFO]: [Language Server (stderr)]:
I0505 10:50:37.612302 148655 main.go:248] Waiting for random port file in /tmp/d939d057-adff-462a-acff-5120d3efa8c4/codeium/manager/child_random_port_1714882837611589877_7983924444525865376 to be created
2024-05-05 10:50:37.994 [INFO]: [Language Server (stderr)]:
I0505 10:50:37.993763 148665 main.go:547] Starting language server process with pid 148665
I0505 10:50:37.993859 148665 server.go:157] Language server will attempt to listen on host 127.0.0.1
2024-05-05 10:50:37.995 [INFO]: [Language Server (stderr)]:
I0505 10:50:37.994083 148665 server.go:164] Language server listening on random port at 43843
I0505 10:50:37.994180 148665 proxy.go:113] proxyplease.proxy> No proxy provided. Attempting to infer from system.
I0505 10:50:37.994210 148665 proxy.go:113] proxyplease.proxy> No proxy could be determined. Assuming a direct connection.
I0505 10:50:37.994264 148665 client.go:589] [DEBUG] GET https://server.codeium.com/exa.api_server_pb.ApiServerService/GetCompletions
2024-05-05 10:50:40.923 [INFO]: [Language Server (stderr)]:
I0505 10:50:40.922732 148665 unleash.go:90] Initializing Unleash
2024-05-05 10:50:41.908 [INFO]: [Language Server (stderr)]:
I0505 10:50:41.906270 148665 unleash.go:110] Successfully initialized Unleash
2024-05-05 10:50:41.939 [INFO]: [Language Server (stderr)]:
E0505 10:50:41.938434 148665 client_manager.go:262] Metadata is nil when trying to refresh user JWT
2024-05-05 10:50:41.940 [INFO]: [Language Server (stderr)]:
I0505 10:50:41.939001 148665 server.go:356] Successfully created API server client
2024-05-05 10:50:42.019 [INFO]: [Language Server (stderr)]:
I0505 10:50:42.018430 148665 server.go:365] Successfully initialized tokenizer
I0505 10:50:42.018624 148665 server.go:420] Local search is enabled, will index local files.
I0505 10:50:42.018654 148665 server.go:424] Using 2 indexer workers
2024-05-05 10:50:42.021 [INFO]: [Language Server (stderr)]:
I0505 10:50:42.018737 148665 search_provider.go:164] Using database at /home/thomas/.codeium/database/9c0694567290725d9dcba14ade58e297/2/MODEL_EMBED_6591
2024-05-05 10:50:42.024 [INFO]: [Language Server (stderr)]:
I0505 10:50:42.023242 148665 search_provider.go:176] Successfully created embedding search database
2024-05-05 10:50:42.025 [INFO]: [Language Server (stderr)]:
I0505 10:50:42.023836 148665 search_provider.go:198] Successfully created and started indexer
I0505 10:50:42.023906 148665 search_provider.go:224] Successfully created embedding search provider
I0505 10:50:42.023923 148665 server.go:458] Successfully created exact search provider
2024-05-05 10:50:42.034 [INFO]: [Language Server (stderr)]:
I0505 10:50:42.032744 148665 server.go:486] Successfully created completion provider
2024-05-05 10:50:42.186 [INFO]: [Language Server (stderr)]:
I0505 10:50:42.186021 148665 server.go:576] Child process attempting to acquire lock file /tmp/d939d057-adff-462a-acff-5120d3efa8c4/codeium/manager/locks/child_lock_1714882837611680669_4646116785844689047
I0505 10:50:42.186137 148665 server.go:586] Child process acquired lock file /tmp/d939d057-adff-462a-acff-5120d3efa8c4/codeium/manager/locks/child_lock_1714882837611680669_4646116785844689047
2024-05-05 10:50:42.193 [INFO]: [Language Server (stderr)]:
I0505 10:50:42.192644 148665 server.go:184] LSP listening on random port at 41573
2024-05-05 10:50:42.194 [INFO]: [Language Server (stderr)]:
I0505 10:50:42.193264 148665 web_server.go:239] Chat Web Server listening at ws://127.0.0.1:37551
2024-05-05 10:50:42.239 [INFO]: [Language Server (stdout)]:
41573
2024-05-05 10:50:42.242 [INFO]: [Language Server (stderr)]:
I0505 10:50:42.238468 148655 main.go:284] Language server manager found random server port 43843
I0505 10:50:42.238542 148655 main.go:285] Language server manager found random lsp port 41573
I0505 10:50:42.238588 148655 main.go:292] Language server manager attempting to connect to language server at 127.0.0.1:43843
2024-05-05 10:50:42.310 [INFO]: [Language Server (stderr)]:
I0505 10:50:42.305550 148655 main.go:163] Fixing language server port at 43843
I0505 10:50:42.305597 148655 main.go:343] Language server manager successfully connected to new language server at 127.0.0.1:43843
2024-05-05 10:50:42.341 [INFO]: Found language server running on port 43843
2024-05-05 10:50:42.380 [INFO]: Downloaded binary: /home/thomas/.codeium/bin/af6b6c543b224d348a8876f0c06245d9ea7929c5/ripgrep_linux_x64
2024-05-05 10:50:42.423 [INFO]: [Language Server (stderr)]:
I0505 10:50:42.422323 148665 rpcs_miscellaneous.go:103] Ripgrep available at /home/thomas/.codeium/bin/af6b6c543b224d348a8876f0c06245d9ea7929c5/ripgrep_linux_x64
2024-05-05 10:50:42.926 [INFO]: [Language Server (stderr)]:
E0505 10:50:42.925879 148665 unleash.go:60] Unleash error: Get "https://unleash.codeium.com/api/client/features": context deadline exceeded (Client.Timeout exceeded while awaiting headers)
