2024-04-25 11:52:09.975 [info] Log level: Info
2024-04-25 11:52:09.975 [info] Validating found git in: "git"
2024-04-25 11:52:09.975 [info] Using git "2.44.0" from "git"
2024-04-25 11:52:09.975 [info] > git rev-parse --show-toplevel [5ms]
2024-04-25 11:52:09.976 [info] > git rev-parse --git-dir --git-common-dir [3ms]
2024-04-25 11:52:09.992 [info] Open repository: /home/thomas/archpacks
2024-04-25 11:52:10.013 [info] > git rev-parse --show-toplevel [3ms]
2024-04-25 11:52:10.014 [info] > git config --get commit.template [8ms]
2024-04-25 11:52:10.027 [info] > git rev-parse --show-toplevel [7ms]
2024-04-25 11:52:10.033 [info] > git for-each-ref --format=%(refname)%00%(upstream:short)%00%(objectname)%00%(upstream:track)%00%(upstream:remotename)%00%(upstream:remoteref) refs/heads/master refs/remotes/master [8ms]
2024-04-25 11:52:10.035 [info] > git rev-parse --show-toplevel [2ms]
2024-04-25 11:52:10.117 [info] > git rev-parse --show-toplevel [73ms]
2024-04-25 11:52:10.136 [info] > git rev-parse --show-toplevel [2ms]
2024-04-25 11:52:10.143 [info] > git status -z -uall [16ms]
2024-04-25 11:52:10.188 [info] > git merge-base refs/heads/master refs/remotes/origin/master [37ms]
2024-04-25 11:52:10.194 [info] > git rev-parse --show-toplevel [52ms]
2024-04-25 11:52:10.214 [info] > git rev-list --count --left-right refs/heads/master...refs/remotes/origin/master [20ms]
2024-04-25 11:52:10.221 [info] > git config --get commit.template [34ms]
2024-04-25 11:52:10.222 [info] > git rev-parse --show-toplevel [13ms]
2024-04-25 11:52:10.230 [info] > git diff --name-status -z --diff-filter=ADMR e72496f878a09acbbb5a7a5f77cc66b49fc7a781...refs/remotes/origin/master [10ms]
2024-04-25 11:52:10.232 [info] > git for-each-ref --format=%(refname)%00%(upstream:short)%00%(objectname)%00%(upstream:track)%00%(upstream:remotename)%00%(upstream:remoteref) refs/heads/master refs/remotes/master [2ms]
2024-04-25 11:52:10.253 [info] > git status -z -uall [11ms]
2024-04-25 11:52:11.254 [info] > git fetch [1262ms]
2024-04-25 11:52:11.254 [info] Missing or invalid credentials.
Skip silent fetch commands
Missing or invalid credentials.
Skip silent fetch commands
remote: Repository not found.
fatal: Authentication failed for 'https://github.com/ThureinMyoMin/archpacks.git/'
2024-04-25 11:52:11.279 [info] > git config --get commit.template [13ms]
2024-04-25 11:52:11.281 [info] > git for-each-ref --format=%(refname)%00%(upstream:short)%00%(objectname)%00%(upstream:track)%00%(upstream:remotename)%00%(upstream:remoteref) refs/heads/master refs/remotes/master [4ms]
2024-04-25 11:52:11.315 [info] > git status -z -uall [22ms]
