2024-04-29 08:34:03.723 [INFO]: No proxy settings found
2024-04-29 08:34:04.999 [INFO]: Creating manager directory: /tmp/3089677e-ce2d-4f1e-9156-acc5a4357c57/codeium/manager
2024-04-29 08:34:05.769 [INFO]: Using cached LS with valid crc32: /home/thomas/.vscode-oss/extensions/codeium.codeium-1.8.28-universal/dist/f4ccf0178d5d55b7439fe04a696986fe0deea492/language_server_linux_x64
2024-04-29 08:34:05.786 [INFO]: Language server started
2024-04-29 08:34:06.096 [INFO]: [Language Server (stderr)]:
I0429 08:34:06.095028 221742 main.go:553] Starting language server manager with pid 221742
I0429 08:34:06.095220 221742 main.go:110] Manager acquired its lock file /tmp/3089677e-ce2d-4f1e-9156-acc5a4357c57/codeium/manager/locks/manager.lock
2024-04-29 08:34:06.097 [INFO]: [Language Server (stderr)]:
I0429 08:34:06.095798 221742 main.go:248] Waiting for random port file in /tmp/3089677e-ce2d-4f1e-9156-acc5a4357c57/codeium/manager/child_random_port_1714356246095348361_8619720131013125204 to be created
2024-04-29 08:34:06.337 [INFO]: [Language Server (stderr)]:
I0429 08:34:06.334896 221795 main.go:547] Starting language server process with pid 221795
I0429 08:34:06.335001 221795 server.go:157] Language server will attempt to listen on host 127.0.0.1
I0429 08:34:06.335176 221795 server.go:164] Language server listening on random port at 45811
I0429 08:34:06.335269 221795 proxy.go:113] proxyplease.proxy> No proxy provided. Attempting to infer from system.
I0429 08:34:06.335290 221795 proxy.go:113] proxyplease.proxy> No proxy could be determined. Assuming a direct connection.
I0429 08:34:06.335337 221795 client.go:589] [DEBUG] GET https://server.codeium.com/exa.api_server_pb.ApiServerService/GetCompletions
2024-04-29 08:34:07.360 [INFO]: [Language Server (stderr)]:
I0429 08:34:07.358511 221795 unleash.go:90] Initializing Unleash
2024-04-29 08:34:08.559 [INFO]: [Language Server (stderr)]:
I0429 08:34:08.558713 221795 unleash.go:110] Successfully initialized Unleash
2024-04-29 08:34:08.571 [INFO]: [Language Server (stderr)]:
E0429 08:34:08.571124 221795 client_manager.go:262] Metadata is nil when trying to refresh user JWT
2024-04-29 08:34:08.573 [INFO]: [Language Server (stderr)]:
I0429 08:34:08.571496 221795 server.go:356] Successfully created API server client
2024-04-29 08:34:08.632 [INFO]: [Language Server (stderr)]:
I0429 08:34:08.631359 221795 server.go:365] Successfully initialized tokenizer
2024-04-29 08:34:08.633 [INFO]: [Language Server (stderr)]:
I0429 08:34:08.631796 221795 server.go:420] Local search is enabled, will index local files.
I0429 08:34:08.631829 221795 server.go:424] Using 2 indexer workers
2024-04-29 08:34:08.633 [INFO]: [Language Server (stderr)]:
I0429 08:34:08.632888 221795 search_provider.go:164] Using database at /home/thomas/.codeium/database/9c0694567290725d9dcba14ade58e297/2/MODEL_EMBED_6591
2024-04-29 08:34:08.639 [INFO]: [Language Server (stderr)]:
I0429 08:34:08.637833 221795 search_provider.go:176] Successfully created embedding search database
I0429 08:34:08.638278 221795 search_provider.go:198] Successfully created and started indexer
I0429 08:34:08.638332 221795 search_provider.go:224] Successfully created embedding search provider
I0429 08:34:08.638347 221795 server.go:458] Successfully created exact search provider
2024-04-29 08:34:08.649 [INFO]: [Language Server (stderr)]:
I0429 08:34:08.645886 221795 server.go:486] Successfully created completion provider
2024-04-29 08:34:08.739 [INFO]: [Language Server (stderr)]:
I0429 08:34:08.739207 221795 server.go:576] Child process attempting to acquire lock file /tmp/3089677e-ce2d-4f1e-9156-acc5a4357c57/codeium/manager/locks/child_lock_1714356246095382991_6308815032356270952
I0429 08:34:08.739345 221795 server.go:586] Child process acquired lock file /tmp/3089677e-ce2d-4f1e-9156-acc5a4357c57/codeium/manager/locks/child_lock_1714356246095382991_6308815032356270952
2024-04-29 08:34:08.749 [INFO]: [Language Server (stderr)]:
I0429 08:34:08.748689 221795 server.go:184] LSP listening on random port at 37527
2024-04-29 08:34:08.749 [INFO]: [Language Server (stderr)]:
I0429 08:34:08.749190 221795 web_server.go:239] Chat Web Server listening at ws://127.0.0.1:43649
2024-04-29 08:34:08.810 [INFO]: [Language Server (stdout)]:
37527
2024-04-29 08:34:08.811 [INFO]: [Language Server (stderr)]:
I0429 08:34:08.810446 221742 main.go:284] Language server manager found random server port 45811
I0429 08:34:08.810492 221742 main.go:285] Language server manager found random lsp port 37527
I0429 08:34:08.810514 221742 main.go:292] Language server manager attempting to connect to language server at 127.0.0.1:45811
2024-04-29 08:34:08.831 [INFO]: [Language Server (stderr)]:
I0429 08:34:08.830845 221742 main.go:163] Fixing language server port at 45811
I0429 08:34:08.830866 221742 main.go:343] Language server manager successfully connected to new language server at 127.0.0.1:45811
2024-04-29 08:34:08.916 [INFO]: Found language server running on port 45811
2024-04-29 08:34:08.925 [INFO]: Downloaded binary: /home/thomas/.codeium/bin/af6b6c543b224d348a8876f0c06245d9ea7929c5/ripgrep_linux_x64
2024-04-29 08:34:08.934 [INFO]: [Language Server (stderr)]:
I0429 08:34:08.933500 221795 rpcs_miscellaneous.go:103] Ripgrep available at /home/thomas/.codeium/bin/af6b6c543b224d348a8876f0c06245d9ea7929c5/ripgrep_linux_x64
2024-04-29 08:34:09.052 [INFO]: [Language Server (stderr)]:
I0429 08:34:09.051988 221795 utils.go:159] Analyzing workspace files for /home/thomas/Documents/projects/multi-effects/
2024-04-29 08:34:09.053 [INFO]: [Language Server (stderr)]:
I0429 08:34:09.052401 221795 utils.go:214] Done analyzing workspace files for /home/thomas/Documents/projects/multi-effects/
I0429 08:34:09.052414 221795 lsp.go:186] Found 12 files in workspace /home/thomas/Documents/projects/multi-effects/
I0429 08:34:09.052590 221795 indexing_listener.go:151] Add workspace event with uid: 1
2024-04-29 08:34:09.149 [INFO]: [Language Server (stderr)]:
I0429 08:34:09.148877 221795 lazy_model.go:29] Successfully created faiss index
2024-04-29 08:34:09.518 [INFO]: [Language Server (stderr)]:
I0429 08:34:09.517597 221795 rpcs_miscellaneous.go:297] University version is up to date.
2024-04-29 08:34:09.695 [INFO]: [Language Server (stderr)]:
I0429 08:34:09.691313 221795 indexing_listener.go:179] Done enqueue workspace with uid: 1
2024-04-29 08:34:10.172 [INFO]: Completion request was cancelled by token (483.5ms)
2024-04-29 08:34:10.415 [INFO]: Skipping completions because autocomplete is open
2024-04-29 08:34:11.216 [INFO]: Skipping completions because autocomplete is open
2024-04-29 08:34:11.844 [INFO]: Skipping completions because autocomplete is open
2024-04-29 08:34:11.958 [INFO]: Skipping completions because autocomplete is open
2024-04-29 08:34:12.109 [INFO]: Skipping completions because autocomplete is open
2024-04-29 08:34:12.329 [INFO]: Skipping completions because autocomplete is open
2024-04-29 08:34:12.574 [INFO]: Skipping completions because autocomplete is open
2024-04-29 08:34:13.125 [INFO]: Skipping completions because autocomplete is open
2024-04-29 08:34:15.628 [INFO]: Completion request was cancelled by token (496.12ms)
2024-04-29 08:34:16.714 [INFO]: Disposing language server process
2024-04-29 08:34:16.715 [INFO]: Deleting manager directory: /tmp/3089677e-ce2d-4f1e-9156-acc5a4357c57/codeium/manager
2024-04-29 08:34:16.718 [INFO]: Successfully disposed language server
2024-04-29 08:34:16.732 [INFO]: [Language Server (stderr)]:
W0429 08:34:16.715019 221742 main.go:114] Language server manager got signal terminated, shutting down
