2024-05-05 10:49:54.125 [info] Deleted uninstalled extension from disk asvetliakov.vscode-neovim /home/thomas/.vscode-oss/extensions/asvetliakov.vscode-neovim-1.10.1-universal
2024-05-05 10:49:58.972 [info] Getting Manifest... angular.ng-template
2024-05-05 10:50:01.910 [info] Installing extension: angular.ng-template
2024-05-05 10:50:15.867 [info] Uninstalling extension from the profile: vscodevim.vim@1.27.2 vscode-userdata:/home/thomas/.vscode-oss/extensions/extensions.json
2024-05-05 10:50:15.927 [info] Marked extension as uninstalled vscodevim.vim-1.27.2-universal
2024-05-05 10:50:15.997 [error] [uncaught exception in sharedProcess]: Error: ENOENT: no such file or directory, stat '/home/thomas/.vscode-oss/extensions/extensions.json.vsctmp': EntryNotFound (FileSystemError): Error: ENOENT: no such file or directory, stat '/home/thomas/.vscode-oss/extensions/extensions.json.vsctmp'
    at a.create (/usr/lib/code/out/vs/code/node/sharedProcess/sharedProcessMain.js:53:29989)
    at b (/usr/lib/code/out/vs/code/node/sharedProcess/sharedProcessMain.js:53:30100)
    at t.hb (/usr/lib/code/out/vs/code/node/sharedProcess/sharedProcessMain.js:58:36600)
    at t.stat (/usr/lib/code/out/vs/code/node/sharedProcess/sharedProcessMain.js:58:29040)
    at async $.stat (/usr/lib/code/out/vs/code/node/sharedProcess/sharedProcessMain.js:58:16186)
    at async K.sb (/usr/lib/code/out/vs/code/node/sharedProcess/sharedProcessMain.js:104:109493)
2024-05-05 10:50:16.302 [info] Successfully uninstalled extension from the profile vscodevim.vim@1.27.2 vscode-userdata:/home/thomas/.vscode-oss/extensions/extensions.json
2024-05-05 10:50:21.402 [error] Could not load vsce-sign module Cannot find module '@vscode/vsce-sign'
Require stack:
- /usr/lib/code/out/bootstrap-amd.js
- /usr/lib/code/out/bootstrap-fork.js
2024-05-05 10:50:21.403 [info] Extension signature verification is not done: angular.ng-template
2024-05-05 10:50:22.483 [info] Extracted extension to file:///home/thomas/.vscode-oss/extensions/angular.ng-template-17.3.2-universal: angular.ng-template
2024-05-05 10:50:22.491 [info] Renamed to /home/thomas/.vscode-oss/extensions/angular.ng-template-17.3.2-universal
2024-05-05 10:50:22.493 [info] Extracting extension completed. angular.ng-template
2024-05-05 10:50:22.506 [info] Extension installed successfully: angular.ng-template
2024-05-05 10:50:22.510 [info] Marked extension as uninstalled angular.ng-template-17.3.0-universal
2024-05-05 10:50:22.594 [error] [uncaught exception in sharedProcess]: Error: ENOENT: no such file or directory, stat '/home/thomas/.vscode-oss/extensions/extensions.json.vsctmp': EntryNotFound (FileSystemError): Error: ENOENT: no such file or directory, stat '/home/thomas/.vscode-oss/extensions/extensions.json.vsctmp'
    at a.create (/usr/lib/code/out/vs/code/node/sharedProcess/sharedProcessMain.js:53:29989)
    at b (/usr/lib/code/out/vs/code/node/sharedProcess/sharedProcessMain.js:53:30100)
    at t.hb (/usr/lib/code/out/vs/code/node/sharedProcess/sharedProcessMain.js:58:36600)
    at t.stat (/usr/lib/code/out/vs/code/node/sharedProcess/sharedProcessMain.js:58:29040)
    at async $.stat (/usr/lib/code/out/vs/code/node/sharedProcess/sharedProcessMain.js:58:16186)
    at async K.sb (/usr/lib/code/out/vs/code/node/sharedProcess/sharedProcessMain.js:104:109493)
