2024-04-29 11:29:18.200 [INFO]: No proxy settings found
2024-04-29 11:29:19.631 [INFO]: Creating manager directory: /tmp/76f192f6-f2a0-43ec-b15a-07a7d3feceda/codeium/manager
2024-04-29 11:29:20.007 [INFO]: Using cached LS with valid crc32: /home/thomas/.vscode-oss/extensions/codeium.codeium-1.8.28-universal/dist/f4ccf0178d5d55b7439fe04a696986fe0deea492/language_server_linux_x64
2024-04-29 11:29:20.014 [INFO]: Language server started
2024-04-29 11:29:20.175 [INFO]: [Language Server (stderr)]:
I0429 11:29:20.174582 570837 main.go:553] Starting language server manager with pid 570837
2024-04-29 11:29:20.176 [INFO]: [Language Server (stderr)]:
I0429 11:29:20.174901 570837 main.go:110] Manager acquired its lock file /tmp/76f192f6-f2a0-43ec-b15a-07a7d3feceda/codeium/manager/locks/manager.lock
I0429 11:29:20.175479 570837 main.go:248] Waiting for random port file in /tmp/76f192f6-f2a0-43ec-b15a-07a7d3feceda/codeium/manager/child_random_port_1714366760175000420_5513493264391460504 to be created
2024-04-29 11:29:20.384 [INFO]: [Language Server (stderr)]:
I0429 11:29:20.384147 570851 main.go:547] Starting language server process with pid 570851
I0429 11:29:20.384205 570851 server.go:157] Language server will attempt to listen on host 127.0.0.1
I0429 11:29:20.384306 570851 server.go:164] Language server listening on random port at 37545
I0429 11:29:20.384354 570851 proxy.go:113] proxyplease.proxy> No proxy provided. Attempting to infer from system.
I0429 11:29:20.384371 570851 proxy.go:113] proxyplease.proxy> No proxy could be determined. Assuming a direct connection.
2024-04-29 11:29:20.385 [INFO]: [Language Server (stderr)]:
I0429 11:29:20.384408 570851 client.go:589] [DEBUG] GET https://server.codeium.com/exa.api_server_pb.ApiServerService/GetCompletions
2024-04-29 11:29:21.413 [INFO]: [Language Server (stderr)]:
I0429 11:29:21.412191 570851 unleash.go:90] Initializing Unleash
2024-04-29 11:29:23.406 [INFO]: [Language Server (stderr)]:
I0429 11:29:23.404694 570851 unleash.go:110] Successfully initialized Unleash
2024-04-29 11:29:23.435 [INFO]: [Language Server (stderr)]:
E0429 11:29:23.435004 570851 client_manager.go:262] Metadata is nil when trying to refresh user JWT
2024-04-29 11:29:23.436 [INFO]: [Language Server (stderr)]:
I0429 11:29:23.435573 570851 server.go:356] Successfully created API server client
2024-04-29 11:29:23.503 [INFO]: [Language Server (stderr)]:
I0429 11:29:23.503278 570851 server.go:365] Successfully initialized tokenizer
I0429 11:29:23.503411 570851 server.go:420] Local search is enabled, will index local files.
I0429 11:29:23.503430 570851 server.go:424] Using 2 indexer workers
2024-04-29 11:29:23.504 [INFO]: [Language Server (stderr)]:
I0429 11:29:23.503477 570851 search_provider.go:164] Using database at /home/thomas/.codeium/database/9c0694567290725d9dcba14ade58e297/2/MODEL_EMBED_6591
2024-04-29 11:29:23.504 [INFO]: [Language Server (stderr)]:
I0429 11:29:23.504480 570851 search_provider.go:176] Successfully created embedding search database
2024-04-29 11:29:23.505 [INFO]: [Language Server (stderr)]:
I0429 11:29:23.504956 570851 search_provider.go:198] Successfully created and started indexer
I0429 11:29:23.505012 570851 search_provider.go:224] Successfully created embedding search provider
I0429 11:29:23.505028 570851 server.go:458] Successfully created exact search provider
2024-04-29 11:29:23.513 [INFO]: [Language Server (stderr)]:
I0429 11:29:23.512561 570851 server.go:486] Successfully created completion provider
2024-04-29 11:29:23.613 [INFO]: [Language Server (stderr)]:
I0429 11:29:23.612185 570851 server.go:576] Child process attempting to acquire lock file /tmp/76f192f6-f2a0-43ec-b15a-07a7d3feceda/codeium/manager/locks/child_lock_1714366760175058782_4744181489345198317
I0429 11:29:23.612360 570851 server.go:586] Child process acquired lock file /tmp/76f192f6-f2a0-43ec-b15a-07a7d3feceda/codeium/manager/locks/child_lock_1714366760175058782_4744181489345198317
2024-04-29 11:29:23.622 [INFO]: [Language Server (stderr)]:
I0429 11:29:23.621407 570851 server.go:184] LSP listening on random port at 33827
2024-04-29 11:29:23.623 [INFO]: [Language Server (stderr)]:
I0429 11:29:23.622409 570851 web_server.go:239] Chat Web Server listening at ws://127.0.0.1:33153
2024-04-29 11:29:23.695 [INFO]: [Language Server (stdout)]:
33827
2024-04-29 11:29:23.697 [INFO]: [Language Server (stderr)]:
I0429 11:29:23.693956 570837 main.go:284] Language server manager found random server port 37545
I0429 11:29:23.694247 570837 main.go:285] Language server manager found random lsp port 33827
I0429 11:29:23.694328 570837 main.go:292] Language server manager attempting to connect to language server at 127.0.0.1:37545
2024-04-29 11:29:23.733 [INFO]: [Language Server (stderr)]:
I0429 11:29:23.733306 570837 main.go:163] Fixing language server port at 37545
I0429 11:29:23.733333 570837 main.go:343] Language server manager successfully connected to new language server at 127.0.0.1:37545
2024-04-29 11:29:23.738 [INFO]: Found language server running on port 37545
2024-04-29 11:29:23.745 [INFO]: Downloaded binary: /home/thomas/.codeium/bin/af6b6c543b224d348a8876f0c06245d9ea7929c5/ripgrep_linux_x64
2024-04-29 11:29:23.754 [INFO]: [Language Server (stderr)]:
I0429 11:29:23.753774 570851 rpcs_miscellaneous.go:103] Ripgrep available at /home/thomas/.codeium/bin/af6b6c543b224d348a8876f0c06245d9ea7929c5/ripgrep_linux_x64
2024-04-29 11:29:24.526 [INFO]: [Language Server (stderr)]:
I0429 11:29:24.524473 570851 rpcs_miscellaneous.go:297] University version is up to date.
2024-04-29 11:32:20.469 [INFO]: Disposing language server process
2024-04-29 11:32:20.469 [INFO]: Deleting manager directory: /tmp/76f192f6-f2a0-43ec-b15a-07a7d3feceda/codeium/manager
2024-04-29 11:32:20.473 [INFO]: Successfully disposed language server
2024-04-29 11:32:20.496 [INFO]: [Language Server (stderr)]:
W0429 11:32:20.469710 570837 main.go:114] Language server manager got signal terminated, shutting down
