2024-04-25 11:52:27.267 [INFO]: No proxy settings found
2024-04-25 11:52:29.083 [INFO]: Creating manager directory: /tmp/11f33066-5548-48c4-a610-cba676784c0e/codeium/manager
2024-04-25 11:52:29.446 [INFO]: Using cached LS with valid crc32: /home/thomas/.vscode-oss/extensions/codeium.codeium-1.8.28-universal/dist/f4ccf0178d5d55b7439fe04a696986fe0deea492/language_server_linux_x64
2024-04-25 11:52:29.453 [INFO]: Language server started
2024-04-25 11:52:29.617 [INFO]: [Language Server (stderr)]:
I0425 11:52:29.616795 254294 main.go:553] Starting language server manager with pid 254294
I0425 11:52:29.616912 254294 main.go:110] Manager acquired its lock file /tmp/11f33066-5548-48c4-a610-cba676784c0e/codeium/manager/locks/manager.lock
2024-04-25 11:52:29.618 [INFO]: [Language Server (stderr)]:
I0425 11:52:29.617390 254294 main.go:248] Waiting for random port file in /tmp/11f33066-5548-48c4-a610-cba676784c0e/codeium/manager/child_random_port_1714022549617008953_2280479927843343418 to be created
2024-04-25 11:52:29.780 [INFO]: [Language Server (stderr)]:
I0425 11:52:29.780174 254304 main.go:547] Starting language server process with pid 254304
I0425 11:52:29.780244 254304 server.go:157] Language server will attempt to listen on host 127.0.0.1
2024-04-25 11:52:29.781 [INFO]: [Language Server (stderr)]:
I0425 11:52:29.780374 254304 server.go:164] Language server listening on random port at 37125
I0425 11:52:29.780443 254304 proxy.go:113] proxyplease.proxy> No proxy provided. Attempting to infer from system.
I0425 11:52:29.780461 254304 proxy.go:113] proxyplease.proxy> No proxy could be determined. Assuming a direct connection.
I0425 11:52:29.780497 254304 client.go:589] [DEBUG] GET https://server.codeium.com/exa.api_server_pb.ApiServerService/GetCompletions
2024-04-25 11:52:31.223 [INFO]: [Language Server (stderr)]:
I0425 11:52:31.222286 254304 unleash.go:90] Initializing Unleash
2024-04-25 11:52:33.264 [INFO]: [Language Server (stderr)]:
I0425 11:52:33.227550 254304 unleash.go:110] Successfully initialized Unleash
E0425 11:52:33.227700 254304 unleash.go:60] Unleash error: Post "https://unleash.codeium.com/api/client/register": context deadline exceeded (Client.Timeout exceeded while awaiting headers)
E0425 11:52:33.257180 254304 client_manager.go:262] Metadata is nil when trying to refresh user JWT
I0425 11:52:33.257743 254304 server.go:356] Successfully created API server client
2024-04-25 11:52:33.309 [INFO]: [Language Server (stderr)]:
I0425 11:52:33.308766 254304 server.go:365] Successfully initialized tokenizer
I0425 11:52:33.308852 254304 server.go:420] Local search is enabled, will index local files.
I0425 11:52:33.308863 254304 server.go:424] Using 2 indexer workers
I0425 11:52:33.308906 254304 search_provider.go:164] Using database at /home/thomas/.codeium/database/9c0694567290725d9dcba14ade58e297/2/MODEL_EMBED_6591
2024-04-25 11:52:33.311 [INFO]: [Language Server (stderr)]:
I0425 11:52:33.311033 254304 search_provider.go:176] Successfully created embedding search database
2024-04-25 11:52:33.311 [INFO]: [Language Server (stderr)]:
I0425 11:52:33.311317 254304 search_provider.go:198] Successfully created and started indexer
I0425 11:52:33.311358 254304 search_provider.go:224] Successfully created embedding search provider
I0425 11:52:33.311370 254304 server.go:458] Successfully created exact search provider
2024-04-25 11:52:33.318 [INFO]: [Language Server (stderr)]:
I0425 11:52:33.316100 254304 server.go:486] Successfully created completion provider
2024-04-25 11:52:33.399 [INFO]: [Language Server (stderr)]:
I0425 11:52:33.398561 254304 server.go:576] Child process attempting to acquire lock file /tmp/11f33066-5548-48c4-a610-cba676784c0e/codeium/manager/locks/child_lock_1714022549617038659_691520095166858515
I0425 11:52:33.398660 254304 server.go:586] Child process acquired lock file /tmp/11f33066-5548-48c4-a610-cba676784c0e/codeium/manager/locks/child_lock_1714022549617038659_691520095166858515
2024-04-25 11:52:33.407 [INFO]: [Language Server (stderr)]:
I0425 11:52:33.406588 254304 server.go:184] LSP listening on random port at 35301
2024-04-25 11:52:33.407 [INFO]: [Language Server (stderr)]:
I0425 11:52:33.407042 254304 web_server.go:239] Chat Web Server listening at ws://127.0.0.1:35271
2024-04-25 11:52:33.438 [INFO]: [Language Server (stdout)]:
35301
2024-04-25 11:52:33.439 [INFO]: [Language Server (stderr)]:
I0425 11:52:33.438440 254294 main.go:284] Language server manager found random server port 37125
I0425 11:52:33.438483 254294 main.go:285] Language server manager found random lsp port 35301
I0425 11:52:33.438501 254294 main.go:292] Language server manager attempting to connect to language server at 127.0.0.1:37125
2024-04-25 11:52:33.462 [INFO]: [Language Server (stderr)]:
I0425 11:52:33.461930 254294 main.go:163] Fixing language server port at 37125
I0425 11:52:33.461962 254294 main.go:343] Language server manager successfully connected to new language server at 127.0.0.1:37125
2024-04-25 11:52:33.486 [INFO]: Found language server running on port 37125
2024-04-25 11:52:33.492 [INFO]: Downloaded binary: /home/thomas/.codeium/bin/af6b6c543b224d348a8876f0c06245d9ea7929c5/ripgrep_linux_x64
2024-04-25 11:52:33.505 [INFO]: [Language Server (stderr)]:
I0425 11:52:33.504586 254304 rpcs_miscellaneous.go:103] Ripgrep available at /home/thomas/.codeium/bin/af6b6c543b224d348a8876f0c06245d9ea7929c5/ripgrep_linux_x64
2024-04-25 11:52:33.508 [INFO]: [Language Server (stderr)]:
I0425 11:52:33.507039 254304 utils.go:159] Analyzing workspace files for /home/thomas/archpacks/
2024-04-25 11:52:33.510 [INFO]: [Language Server (stderr)]:
I0425 11:52:33.510043 254304 utils.go:214] Done analyzing workspace files for /home/thomas/archpacks/
I0425 11:52:33.510066 254304 lsp.go:186] Found 107 files in workspace /home/thomas/archpacks/
2024-04-25 11:52:33.512 [INFO]: [Language Server (stderr)]:
I0425 11:52:33.511469 254304 indexing_listener.go:151] Add workspace event with uid: 1
2024-04-25 11:52:33.515 [INFO]: [Language Server (stderr)]:
I0425 11:52:33.514879 254304 lazy_model.go:29] Successfully created faiss index
2024-04-25 11:52:33.627 [INFO]: [Language Server (stderr)]:
I0425 11:52:33.626122 254304 indexing_listener.go:179] Done enqueue workspace with uid: 1
2024-04-25 11:52:34.578 [INFO]: [Language Server (stderr)]:
I0425 11:52:34.577115 254304 rpcs_miscellaneous.go:297] University version is up to date.
2024-04-25 11:53:06.946 [INFO]: Disposing language server process
2024-04-25 11:53:06.946 [INFO]: Deleting manager directory: /tmp/11f33066-5548-48c4-a610-cba676784c0e/codeium/manager
2024-04-25 11:53:06.947 [INFO]: Successfully disposed language server
2024-04-25 11:53:06.966 [INFO]: [Language Server (stderr)]:
W0425 11:53:06.946287 254294 main.go:114] Language server manager got signal terminated, shutting down
