2024-04-29 08:33:55.243 [info] Log level: Info
2024-04-29 08:33:55.244 [info] Validating found git in: "git"
2024-04-29 08:33:55.244 [info] Using git "2.44.0" from "git"
2024-04-29 08:33:55.244 [info] > git rev-parse --show-toplevel [15ms]
2024-04-29 08:33:55.244 [info] > git rev-parse --git-dir --git-common-dir [25ms]
2024-04-29 08:33:55.244 [info] Open repository: /home/thomas/Documents/projects/dataCrate
2024-04-29 08:33:55.327 [info] > git rev-parse --show-toplevel [65ms]
2024-04-29 08:33:55.328 [info] > git config --get commit.template [75ms]
2024-04-29 08:33:55.329 [info] > git fetch [89ms]
2024-04-29 08:33:55.367 [info] No remotes found in the git config file.
2024-04-29 08:33:55.369 [info] > git config --get commit.template [21ms]
2024-04-29 08:33:55.370 [info] > git rev-parse --show-toplevel [27ms]
2024-04-29 08:33:55.380 [info] > git for-each-ref --format=%(refname)%00%(upstream:short)%00%(objectname)%00%(upstream:track)%00%(upstream:remotename)%00%(upstream:remoteref) refs/heads/master refs/remotes/master [14ms]
2024-04-29 08:33:55.380 [warning] No such branch: master.
2024-04-29 08:33:55.384 [info] No remotes found in the git config file.
2024-04-29 08:33:55.405 [info] > git rev-parse --show-toplevel [26ms]
2024-04-29 08:33:55.423 [info] > git config --get commit.template [18ms]
2024-04-29 08:33:55.423 [info] > git for-each-ref --format=%(refname)%00%(upstream:short)%00%(objectname)%00%(upstream:track)%00%(upstream:remotename)%00%(upstream:remoteref) refs/heads/master refs/remotes/master [29ms]
2024-04-29 08:33:55.423 [warning] No such branch: master.
2024-04-29 08:33:56.293 [info] > git check-ignore -v -z --stdin [21ms]
2024-04-29 08:33:56.357 [info] > git rev-parse --show-toplevel [936ms]
2024-04-29 08:33:56.464 [info] No remotes found in the git config file.
2024-04-29 08:33:56.559 [info] > git show --textconv :src/app/todo/todo.component.ts [34ms]
2024-04-29 08:33:56.559 [info] > git ls-files --stage -- /home/thomas/Documents/projects/dataCrate/src/app/todo/todo.component.ts [20ms]
2024-04-29 08:33:56.572 [info] > git for-each-ref --format=%(refname)%00%(upstream:short)%00%(objectname)%00%(upstream:track)%00%(upstream:remotename)%00%(upstream:remoteref) refs/heads/master refs/remotes/master [108ms]
2024-04-29 08:33:56.572 [warning] No such branch: master.
2024-04-29 08:33:56.600 [info] > git status -z -uall [15ms]
2024-04-29 08:33:56.610 [info] > git cat-file -s 383c43aeb0fc0c1ac8ba8a5e1f0417f7fb710a60 [39ms]
