2024-04-25 11:52:25.030 [info] Started local extension host with pid 253939.
2024-04-25 11:52:27.902 [info] [perf] Render performance baseline is 41ms
2024-04-25 11:53:08.649 [info] Started local extension host with pid 255622.
2024-04-25 11:53:14.554 [info] [perf] Render performance baseline is 93ms
2024-04-25 11:53:23.418 [error] Cannot read properties of undefined (reading 'codeLenses'): TypeError: Cannot read properties of undefined (reading 'codeLenses')
    at /home/thomas/.vscode-oss/extensions/codeium.codeium-1.8.28-universal/dist/extension.js:2:876547
    at Array.map (<anonymous>)
    at x (/home/thomas/.vscode-oss/extensions/codeium.codeium-1.8.28-universal/dist/extension.js:2:876521)
    at e.<anonymous> (/home/thomas/.vscode-oss/extensions/codeium.codeium-1.8.28-universal/dist/extension.js:2:881151)
    at h (/home/thomas/.vscode-oss/extensions/codeium.codeium-1.8.28-universal/dist/extension.js:2:867265)
    at Generator.<anonymous> (/home/thomas/.vscode-oss/extensions/codeium.codeium-1.8.28-universal/dist/extension.js:2:868611)
    at Generator.next (/home/thomas/.vscode-oss/extensions/codeium.codeium-1.8.28-universal/dist/extension.js:2:867694)
    at s (/home/thomas/.vscode-oss/extensions/codeium.codeium-1.8.28-universal/dist/extension.js:2:873833)
    at a (/home/thomas/.vscode-oss/extensions/codeium.codeium-1.8.28-universal/dist/extension.js:2:874036)
2024-04-25 14:39:30.907 [error] [Extension Host] FetchError: Unleash Repository error: network timeout at: https://unleash.codeium.com/api/client/features
    at Timeout.<anonymous> (/home/thomas/.vscode-oss/extensions/codeium.codeium-1.8.28-universal/dist/extension.js:2:2323441)
    at listOnTimeout (node:internal/timers:569:17)
    at processTimers (node:internal/timers:512:7)
2024-04-25 14:53:00.668 [error] [Extension Host] FetchError: Unleash Repository error: network timeout at: https://unleash.codeium.com/api/client/features
    at Timeout.<anonymous> (/home/thomas/.vscode-oss/extensions/codeium.codeium-1.8.28-universal/dist/extension.js:2:2323441)
    at listOnTimeout (node:internal/timers:569:17)
    at processTimers (node:internal/timers:512:7)
2024-04-25 14:54:09.773 [error] [Extension Host] FetchError: Unleash Repository error: network timeout at: https://unleash.codeium.com/api/client/features
    at Timeout.<anonymous> (/home/thomas/.vscode-oss/extensions/codeium.codeium-1.8.28-universal/dist/extension.js:2:2323441)
    at listOnTimeout (node:internal/timers:569:17)
    at processTimers (node:internal/timers:512:7)
2024-04-25 14:55:18.867 [error] [Extension Host] FetchError: Unleash Repository error: network timeout at: https://unleash.codeium.com/api/client/features
    at Timeout.<anonymous> (/home/thomas/.vscode-oss/extensions/codeium.codeium-1.8.28-universal/dist/extension.js:2:2323441)
    at listOnTimeout (node:internal/timers:569:17)
    at processTimers (node:internal/timers:512:7)
2024-04-25 14:56:27.936 [error] [Extension Host] FetchError: Unleash Repository error: network timeout at: https://unleash.codeium.com/api/client/features
    at Timeout.<anonymous> (/home/thomas/.vscode-oss/extensions/codeium.codeium-1.8.28-universal/dist/extension.js:2:2323441)
    at listOnTimeout (node:internal/timers:569:17)
    at processTimers (node:internal/timers:512:7)
2024-04-25 14:57:37.013 [error] [Extension Host] FetchError: Unleash Repository error: network timeout at: https://unleash.codeium.com/api/client/features
    at Timeout.<anonymous> (/home/thomas/.vscode-oss/extensions/codeium.codeium-1.8.28-universal/dist/extension.js:2:2323441)
    at listOnTimeout (node:internal/timers:569:17)
    at processTimers (node:internal/timers:512:7)
2024-04-25 14:58:46.139 [error] [Extension Host] FetchError: Unleash Repository error: network timeout at: https://unleash.codeium.com/api/client/features
    at Timeout.<anonymous> (/home/thomas/.vscode-oss/extensions/codeium.codeium-1.8.28-universal/dist/extension.js:2:2323441)
    at listOnTimeout (node:internal/timers:569:17)
    at processTimers (node:internal/timers:512:7)
2024-04-25 14:59:55.175 [error] [Extension Host] FetchError: Unleash Repository error: network timeout at: https://unleash.codeium.com/api/client/features
    at Timeout.<anonymous> (/home/thomas/.vscode-oss/extensions/codeium.codeium-1.8.28-universal/dist/extension.js:2:2323441)
    at listOnTimeout (node:internal/timers:569:17)
    at processTimers (node:internal/timers:512:7)
2024-04-25 15:01:04.235 [error] [Extension Host] FetchError: Unleash Repository error: network timeout at: https://unleash.codeium.com/api/client/features
    at Timeout.<anonymous> (/home/thomas/.vscode-oss/extensions/codeium.codeium-1.8.28-universal/dist/extension.js:2:2323441)
    at listOnTimeout (node:internal/timers:569:17)
    at processTimers (node:internal/timers:512:7)
2024-04-25 15:02:13.334 [error] [Extension Host] FetchError: Unleash Repository error: network timeout at: https://unleash.codeium.com/api/client/features
    at Timeout.<anonymous> (/home/thomas/.vscode-oss/extensions/codeium.codeium-1.8.28-universal/dist/extension.js:2:2323441)
    at listOnTimeout (node:internal/timers:569:17)
    at processTimers (node:internal/timers:512:7)
2024-04-25 15:03:22.415 [error] [Extension Host] FetchError: Unleash Repository error: network timeout at: https://unleash.codeium.com/api/client/features
    at Timeout.<anonymous> (/home/thomas/.vscode-oss/extensions/codeium.codeium-1.8.28-universal/dist/extension.js:2:2323441)
    at listOnTimeout (node:internal/timers:569:17)
    at processTimers (node:internal/timers:512:7)
2024-04-25 15:06:33.740 [error] [Extension Host] FetchError: Unleash Repository error: network timeout at: https://unleash.codeium.com/api/client/features
    at Timeout.<anonymous> (/home/thomas/.vscode-oss/extensions/codeium.codeium-1.8.28-universal/dist/extension.js:2:2323441)
    at listOnTimeout (node:internal/timers:569:17)
    at processTimers (node:internal/timers:512:7)
2024-04-25 15:07:42.824 [error] [Extension Host] FetchError: Unleash Repository error: network timeout at: https://unleash.codeium.com/api/client/features
    at Timeout.<anonymous> (/home/thomas/.vscode-oss/extensions/codeium.codeium-1.8.28-universal/dist/extension.js:2:2323441)
    at listOnTimeout (node:internal/timers:569:17)
    at processTimers (node:internal/timers:512:7)
2024-04-25 15:08:51.902 [error] [Extension Host] FetchError: Unleash Repository error: network timeout at: https://unleash.codeium.com/api/client/features
    at Timeout.<anonymous> (/home/thomas/.vscode-oss/extensions/codeium.codeium-1.8.28-universal/dist/extension.js:2:2323441)
    at listOnTimeout (node:internal/timers:569:17)
    at processTimers (node:internal/timers:512:7)
2024-04-25 15:10:00.978 [error] [Extension Host] FetchError: Unleash Repository error: network timeout at: https://unleash.codeium.com/api/client/features
    at Timeout.<anonymous> (/home/thomas/.vscode-oss/extensions/codeium.codeium-1.8.28-universal/dist/extension.js:2:2323441)
    at listOnTimeout (node:internal/timers:569:17)
    at processTimers (node:internal/timers:512:7)
2024-04-25 15:11:10.065 [error] [Extension Host] FetchError: Unleash Repository error: network timeout at: https://unleash.codeium.com/api/client/features
    at Timeout.<anonymous> (/home/thomas/.vscode-oss/extensions/codeium.codeium-1.8.28-universal/dist/extension.js:2:2323441)
    at listOnTimeout (node:internal/timers:569:17)
    at processTimers (node:internal/timers:512:7)
2024-04-25 15:12:19.168 [error] [Extension Host] FetchError: Unleash Repository error: network timeout at: https://unleash.codeium.com/api/client/features
    at Timeout.<anonymous> (/home/thomas/.vscode-oss/extensions/codeium.codeium-1.8.28-universal/dist/extension.js:2:2323441)
    at listOnTimeout (node:internal/timers:569:17)
    at processTimers (node:internal/timers:512:7)
2024-04-25 15:13:28.326 [error] [Extension Host] FetchError: Unleash Repository error: network timeout at: https://unleash.codeium.com/api/client/features
    at Timeout.<anonymous> (/home/thomas/.vscode-oss/extensions/codeium.codeium-1.8.28-universal/dist/extension.js:2:2323441)
    at listOnTimeout (node:internal/timers:569:17)
    at processTimers (node:internal/timers:512:7)
2024-04-25 15:14:37.358 [error] [Extension Host] FetchError: Unleash Repository error: network timeout at: https://unleash.codeium.com/api/client/features
    at Timeout.<anonymous> (/home/thomas/.vscode-oss/extensions/codeium.codeium-1.8.28-universal/dist/extension.js:2:2323441)
    at listOnTimeout (node:internal/timers:569:17)
    at processTimers (node:internal/timers:512:7)
2024-04-25 15:15:46.443 [error] [Extension Host] FetchError: Unleash Repository error: network timeout at: https://unleash.codeium.com/api/client/features
    at Timeout.<anonymous> (/home/thomas/.vscode-oss/extensions/codeium.codeium-1.8.28-universal/dist/extension.js:2:2323441)
    at listOnTimeout (node:internal/timers:569:17)
    at processTimers (node:internal/timers:512:7)
2024-04-25 15:16:55.507 [error] [Extension Host] FetchError: Unleash Repository error: network timeout at: https://unleash.codeium.com/api/client/features
    at Timeout.<anonymous> (/home/thomas/.vscode-oss/extensions/codeium.codeium-1.8.28-universal/dist/extension.js:2:2323441)
    at listOnTimeout (node:internal/timers:569:17)
    at processTimers (node:internal/timers:512:7)
2024-04-25 15:18:04.618 [error] [Extension Host] FetchError: Unleash Repository error: network timeout at: https://unleash.codeium.com/api/client/features
    at Timeout.<anonymous> (/home/thomas/.vscode-oss/extensions/codeium.codeium-1.8.28-universal/dist/extension.js:2:2323441)
    at listOnTimeout (node:internal/timers:569:17)
    at processTimers (node:internal/timers:512:7)
2024-04-25 15:19:13.688 [error] [Extension Host] FetchError: Unleash Repository error: network timeout at: https://unleash.codeium.com/api/client/features
    at Timeout.<anonymous> (/home/thomas/.vscode-oss/extensions/codeium.codeium-1.8.28-universal/dist/extension.js:2:2323441)
    at listOnTimeout (node:internal/timers:569:17)
    at processTimers (node:internal/timers:512:7)
2024-04-25 15:20:22.775 [error] [Extension Host] FetchError: Unleash Repository error: network timeout at: https://unleash.codeium.com/api/client/features
    at Timeout.<anonymous> (/home/thomas/.vscode-oss/extensions/codeium.codeium-1.8.28-universal/dist/extension.js:2:2323441)
    at listOnTimeout (node:internal/timers:569:17)
    at processTimers (node:internal/timers:512:7)
2024-04-25 15:21:31.852 [error] [Extension Host] FetchError: Unleash Repository error: network timeout at: https://unleash.codeium.com/api/client/features
    at Timeout.<anonymous> (/home/thomas/.vscode-oss/extensions/codeium.codeium-1.8.28-universal/dist/extension.js:2:2323441)
    at listOnTimeout (node:internal/timers:569:17)
    at processTimers (node:internal/timers:512:7)
2024-04-25 15:22:40.914 [error] [Extension Host] FetchError: Unleash Repository error: network timeout at: https://unleash.codeium.com/api/client/features
    at Timeout.<anonymous> (/home/thomas/.vscode-oss/extensions/codeium.codeium-1.8.28-universal/dist/extension.js:2:2323441)
    at listOnTimeout (node:internal/timers:569:17)
    at processTimers (node:internal/timers:512:7)
2024-04-25 15:25:58.717 [error] [Extension Host] FetchError: Unleash Repository error: network timeout at: https://unleash.codeium.com/api/client/features
    at Timeout.<anonymous> (/home/thomas/.vscode-oss/extensions/codeium.codeium-1.8.28-universal/dist/extension.js:2:2323441)
    at listOnTimeout (node:internal/timers:569:17)
    at processTimers (node:internal/timers:512:7)
2024-04-25 15:27:07.824 [error] [Extension Host] FetchError: Unleash Repository error: network timeout at: https://unleash.codeium.com/api/client/features
    at Timeout.<anonymous> (/home/thomas/.vscode-oss/extensions/codeium.codeium-1.8.28-universal/dist/extension.js:2:2323441)
    at listOnTimeout (node:internal/timers:569:17)
    at processTimers (node:internal/timers:512:7)
2024-04-25 15:28:16.891 [error] [Extension Host] FetchError: Unleash Repository error: network timeout at: https://unleash.codeium.com/api/client/features
    at Timeout.<anonymous> (/home/thomas/.vscode-oss/extensions/codeium.codeium-1.8.28-universal/dist/extension.js:2:2323441)
    at listOnTimeout (node:internal/timers:569:17)
    at processTimers (node:internal/timers:512:7)
2024-04-25 15:31:35.481 [error] [Extension Host] FetchError: Unleash Repository error: network timeout at: https://unleash.codeium.com/api/client/features
    at Timeout.<anonymous> (/home/thomas/.vscode-oss/extensions/codeium.codeium-1.8.28-universal/dist/extension.js:2:2323441)
    at listOnTimeout (node:internal/timers:569:17)
    at processTimers (node:internal/timers:512:7)
2024-04-25 15:32:44.608 [error] [Extension Host] FetchError: Unleash Repository error: network timeout at: https://unleash.codeium.com/api/client/features
    at Timeout.<anonymous> (/home/thomas/.vscode-oss/extensions/codeium.codeium-1.8.28-universal/dist/extension.js:2:2323441)
    at listOnTimeout (node:internal/timers:569:17)
    at processTimers (node:internal/timers:512:7)
