2024-04-25 11:52:24.874 [info] Added views:workbench.panel.markers.view in workbench.panel.markers
2024-04-25 11:52:24.874 [info] Added views:workbench.panel.output in workbench.panel.output
2024-04-25 11:52:24.874 [info] Added views:terminal in terminal
2024-04-25 11:52:24.874 [info] Added views:outline in workbench.view.explorer
2024-04-25 11:52:24.874 [info] Added views:workbench.scm in workbench.view.scm
2024-04-25 11:52:24.874 [info] Added views:workbench.view.search in workbench.view.search
2024-04-25 11:52:24.874 [info] Added views:timeline in workbench.view.explorer
2024-04-25 11:52:24.874 [info] Added views:workbench.explorer.fileView in workbench.view.explorer
2024-04-25 11:52:25.248 [info] Added views:codeium.chatPanelView,codeium.searchPanelView in workbench.view.extension.codeium
2024-04-25 11:52:25.596 [info] Added views:workbench.debug.welcome in workbench.view.debug
2024-04-25 11:52:25.734 [info] Added views:~remote.forwardedPorts in ~remote.forwardedPortsContainer
2024-04-25 11:52:25.841 [info] Added views:workbench.panel.repl.view in workbench.panel.repl
2024-04-25 11:52:27.316 [info] Added views:angular-schematics in workbench.view.extension.angular
2024-04-25 11:52:29.086 [info] Added views:workbench.panel.comments in workbench.panel.comments
2024-04-25 11:53:08.393 [info] Added views:workbench.panel.markers.view in workbench.panel.markers
2024-04-25 11:53:08.393 [info] Added views:workbench.panel.output in workbench.panel.output
2024-04-25 11:53:08.393 [info] Added views:terminal in terminal
2024-04-25 11:53:08.393 [info] Added views:outline in workbench.view.explorer
2024-04-25 11:53:08.393 [info] Added views:workbench.scm in workbench.view.scm
2024-04-25 11:53:08.393 [info] Added views:workbench.view.search in workbench.view.search
2024-04-25 11:53:08.393 [info] Added views:timeline in workbench.view.explorer
2024-04-25 11:53:08.393 [info] Added views:workbench.explorer.fileView in workbench.view.explorer
2024-04-25 11:53:08.749 [info] Added views:workbench.debug.welcome in workbench.view.debug
2024-04-25 11:53:08.955 [info] Added views:codeium.chatPanelView,codeium.searchPanelView in workbench.view.extension.codeium
2024-04-25 11:53:09.510 [info] Added views:workbench.panel.repl.view in workbench.panel.repl
2024-04-25 11:53:12.993 [info] Added views:angular-schematics in workbench.view.extension.angular
2024-04-25 11:53:14.223 [info] Added views:~remote.forwardedPorts in ~remote.forwardedPortsContainer
2024-04-25 11:53:16.135 [info] Added views:workbench.panel.comments in workbench.panel.comments
