2024-04-25 11:46:06.142 [info] Log level: Info
2024-04-25 11:46:06.142 [info] Validating found git in: "git"
2024-04-25 11:46:06.142 [info] Using git "2.44.0" from "git"
2024-04-25 11:46:06.142 [info] > git rev-parse --show-toplevel [9ms]
2024-04-25 11:46:06.152 [info] > git rev-parse --git-dir --git-common-dir [3ms]
2024-04-25 11:46:06.169 [info] Open repository: /home/thomas/archpacks
2024-04-25 11:46:06.187 [info] > git rev-parse --show-toplevel [5ms]
2024-04-25 11:46:06.189 [info] > git config --get commit.template [11ms]
2024-04-25 11:46:06.274 [info] > git rev-parse --show-toplevel [19ms]
2024-04-25 11:46:06.280 [info] > git for-each-ref --format=%(refname)%00%(upstream:short)%00%(objectname)%00%(upstream:track)%00%(upstream:remotename)%00%(upstream:remoteref) refs/heads/master refs/remotes/master [12ms]
2024-04-25 11:46:06.288 [info] > git rev-parse --show-toplevel [9ms]
2024-04-25 11:46:06.321 [info] > git rev-parse --show-toplevel [20ms]
2024-04-25 11:46:06.332 [info] > git rev-parse --show-toplevel [2ms]
2024-04-25 11:46:06.340 [info] > git rev-parse --show-toplevel [2ms]
2024-04-25 11:46:06.347 [info] > git rev-parse --show-toplevel [1ms]
2024-04-25 11:46:06.369 [info] > git status -z -uall [49ms]
2024-04-25 11:46:06.386 [info] > git merge-base refs/heads/master refs/remotes/origin/master [10ms]
2024-04-25 11:46:06.395 [info] > git config --get commit.template [10ms]
2024-04-25 11:46:06.397 [info] > git rev-list --count --left-right refs/heads/master...refs/remotes/origin/master [6ms]
2024-04-25 11:46:06.407 [info] > git diff --name-status -z --diff-filter=ADMR 77d786aae5e7fd5beb584135e0eeb7dc01e264b4...refs/remotes/origin/master [6ms]
2024-04-25 11:46:06.409 [info] > git for-each-ref --format=%(refname)%00%(upstream:short)%00%(objectname)%00%(upstream:track)%00%(upstream:remotename)%00%(upstream:remoteref) refs/heads/master refs/remotes/master [3ms]
2024-04-25 11:46:06.431 [info] > git status -z -uall [17ms]
2024-04-25 11:46:07.429 [info] > git check-ignore -v -z --stdin [81ms]
2024-04-25 11:46:07.603 [info] > git merge-base refs/heads/master refs/remotes/origin/master [16ms]
2024-04-25 11:46:07.613 [info] > git rev-list --count --left-right refs/heads/master...refs/remotes/origin/master [3ms]
2024-04-25 11:46:07.618 [info] > git fetch [1450ms]
2024-04-25 11:46:07.618 [info] Missing or invalid credentials.
Skip silent fetch commands
Missing or invalid credentials.
Skip silent fetch commands
remote: Repository not found.
fatal: Authentication failed for 'https://github.com/ThureinMyoMin/archpacks.git/'
2024-04-25 11:46:07.635 [info] > git config --get commit.template [9ms]
2024-04-25 11:46:07.636 [info] > git for-each-ref --format=%(refname)%00%(upstream:short)%00%(objectname)%00%(upstream:track)%00%(upstream:remotename)%00%(upstream:remoteref) refs/heads/master refs/remotes/master [2ms]
2024-04-25 11:46:07.661 [info] > git status -z -uall [16ms]
2024-04-25 11:46:08.321 [info] > git check-ignore -v -z --stdin [2ms]
2024-04-25 11:47:22.787 [info] > git config --get commit.template [10ms]
2024-04-25 11:47:22.788 [info] > git for-each-ref --format=%(refname)%00%(upstream:short)%00%(objectname)%00%(upstream:track)%00%(upstream:remotename)%00%(upstream:remoteref) refs/heads/master refs/remotes/master [3ms]
2024-04-25 11:47:22.815 [info] > git status -z -uall [17ms]
2024-04-25 11:47:24.945 [info] > git for-each-ref --format=%(refname)%00%(upstream:short)%00%(objectname)%00%(upstream:track)%00%(upstream:remotename)%00%(upstream:remoteref) refs/heads/master refs/remotes/master [4ms]
2024-04-25 11:47:24.945 [info] > git config --get commit.template [16ms]
2024-04-25 11:47:24.974 [info] > git status -z -uall [18ms]
2024-04-25 11:47:24.998 [info] > git merge-base refs/heads/master refs/remotes/origin/master [12ms]
2024-04-25 11:47:25.008 [info] > git merge-base refs/heads/master refs/remotes/origin/master [11ms]
2024-04-25 11:47:25.018 [info] > git rev-list --count --left-right refs/heads/master...refs/remotes/origin/master [11ms]
2024-04-25 11:47:25.028 [info] > git rev-list --count --left-right refs/heads/master...refs/remotes/origin/master [11ms]
2024-04-25 11:47:25.030 [info] > git diff --name-status -z --diff-filter=ADMR 77d786aae5e7fd5beb584135e0eeb7dc01e264b4...refs/remotes/origin/master [2ms]
2024-04-25 11:47:25.908 [info] > git config --get commit.template [11ms]
2024-04-25 11:47:25.909 [info] > git for-each-ref --format=%(refname)%00%(upstream:short)%00%(objectname)%00%(upstream:track)%00%(upstream:remotename)%00%(upstream:remoteref) refs/heads/master refs/remotes/master [2ms]
2024-04-25 11:47:25.935 [info] > git status -z -uall [17ms]
2024-04-25 11:47:25.951 [info] > git merge-base refs/heads/master refs/remotes/origin/master [5ms]
2024-04-25 11:47:25.975 [info] > git merge-base refs/heads/master refs/remotes/origin/master [5ms]
2024-04-25 11:47:25.984 [info] > git rev-list --count --left-right refs/heads/master...refs/remotes/origin/master [23ms]
2024-04-25 11:47:25.996 [info] > git rev-list --count --left-right refs/heads/master...refs/remotes/origin/master [12ms]
2024-04-25 11:47:25.997 [info] > git diff --name-status -z --diff-filter=ADMR 77d786aae5e7fd5beb584135e0eeb7dc01e264b4...refs/remotes/origin/master [3ms]
2024-04-25 11:47:27.866 [info] > git for-each-ref --format=%(refname)%00%(upstream:short)%00%(objectname)%00%(upstream:track)%00%(upstream:remotename)%00%(upstream:remoteref) refs/heads/master refs/remotes/master [3ms]
2024-04-25 11:47:27.866 [info] > git config --get commit.template [15ms]
2024-04-25 11:47:27.893 [info] > git status -z -uall [17ms]
2024-04-25 11:49:38.722 [info] > git add -A -- . [46ms]
2024-04-25 11:49:38.744 [info] > git -c user.useConfigOnly=true commit --quiet --allow-empty-message --file - [12ms]
2024-04-25 11:49:38.758 [info] > git config --get commit.template [2ms]
2024-04-25 11:49:38.783 [info] > git config --get commit.template [13ms]
2024-04-25 11:49:38.783 [info] > git for-each-ref --format=%(refname)%00%(upstream:short)%00%(objectname)%00%(upstream:track)%00%(upstream:remotename)%00%(upstream:remoteref) refs/heads/master refs/remotes/master [3ms]
2024-04-25 11:49:38.809 [info] > git status -z -uall [14ms]
2024-04-25 11:49:38.827 [info] > git merge-base refs/heads/master refs/remotes/origin/master [7ms]
2024-04-25 11:49:38.852 [info] > git rev-list --count --left-right refs/heads/master...refs/remotes/origin/master [14ms]
2024-04-25 11:49:38.864 [info] > git merge-base refs/heads/master refs/remotes/origin/master [13ms]
2024-04-25 11:49:38.888 [info] > git rev-list --count --left-right refs/heads/master...refs/remotes/origin/master [14ms]
2024-04-25 11:49:38.889 [info] > git diff --name-status -z --diff-filter=ADMR 77d786aae5e7fd5beb584135e0eeb7dc01e264b4...refs/remotes/origin/master [28ms]
2024-04-25 11:49:38.891 [info] > git config --get commit.template [3ms]
2024-04-25 11:49:38.904 [info] > git for-each-ref --format=%(refname)%00%(upstream:short)%00%(objectname)%00%(upstream:track)%00%(upstream:remotename)%00%(upstream:remoteref) refs/heads/master refs/remotes/master [2ms]
2024-04-25 11:49:38.929 [info] > git status -z -uall [15ms]
2024-04-25 11:49:41.805 [info] > git log --oneline --cherry master...master@{upstream} -- [2ms]
2024-04-25 11:49:44.336 [info] > git pull --tags origin master [2520ms]
2024-04-25 11:49:44.336 [info] From https://github.com/ThureinMyoMin/archpacks
 * branch            master     -> FETCH_HEAD
2024-04-25 11:49:46.936 [info] > git push origin master:master [2570ms]
2024-04-25 11:49:46.936 [info] To https://github.com/ThureinMyoMin/archpacks.git
   77d786a..e72496f  master -> master
2024-04-25 11:49:46.984 [info] > git for-each-ref --format=%(refname)%00%(upstream:short)%00%(objectname)%00%(upstream:track)%00%(upstream:remotename)%00%(upstream:remoteref) refs/heads/master refs/remotes/master [6ms]
2024-04-25 11:49:46.985 [info] > git config --get commit.template [20ms]
2024-04-25 11:49:47.015 [info] > git status -z -uall [15ms]
2024-04-25 11:49:47.036 [info] > git merge-base refs/heads/master refs/remotes/origin/master [10ms]
2024-04-25 11:49:47.064 [info] > git rev-list --count --left-right refs/heads/master...refs/remotes/origin/master [13ms]
2024-04-25 11:49:47.078 [info] > git merge-base refs/heads/master refs/remotes/origin/master [16ms]
2024-04-25 11:49:47.094 [info] > git rev-list --count --left-right refs/heads/master...refs/remotes/origin/master [5ms]
2024-04-25 11:49:47.095 [info] > git diff --name-status -z --diff-filter=ADMR e72496f878a09acbbb5a7a5f77cc66b49fc7a781...refs/remotes/origin/master [19ms]
