2024-04-25 11:53:12.745 [INFO]: No proxy settings found
2024-04-25 11:53:16.076 [INFO]: Creating manager directory: /tmp/bba87820-bb93-4aa1-903c-82e7a627dd29/codeium/manager
2024-04-25 11:53:17.919 [INFO]: Using cached LS with valid crc32: /home/thomas/.vscode-oss/extensions/codeium.codeium-1.8.28-universal/dist/f4ccf0178d5d55b7439fe04a696986fe0deea492/language_server_linux_x64
2024-04-25 11:53:17.937 [INFO]: Language server started
2024-04-25 11:53:18.372 [INFO]: [Language Server (stderr)]:
I0425 11:53:18.371785 256149 main.go:553] Starting language server manager with pid 256149
I0425 11:53:18.371983 256149 main.go:110] Manager acquired its lock file /tmp/bba87820-bb93-4aa1-903c-82e7a627dd29/codeium/manager/locks/manager.lock
2024-04-25 11:53:18.374 [INFO]: [Language Server (stderr)]:
I0425 11:53:18.373030 256149 main.go:248] Waiting for random port file in /tmp/bba87820-bb93-4aa1-903c-82e7a627dd29/codeium/manager/child_random_port_1714022598372249158_8601556583862304311 to be created
2024-04-25 11:53:18.898 [INFO]: [Language Server (stderr)]:
I0425 11:53:18.897576 256162 main.go:547] Starting language server process with pid 256162
I0425 11:53:18.897729 256162 server.go:157] Language server will attempt to listen on host 127.0.0.1
2024-04-25 11:53:18.899 [INFO]: [Language Server (stderr)]:
I0425 11:53:18.897972 256162 server.go:164] Language server listening on random port at 46483
I0425 11:53:18.898117 256162 proxy.go:113] proxyplease.proxy> No proxy provided. Attempting to infer from system.
I0425 11:53:18.898179 256162 proxy.go:113] proxyplease.proxy> No proxy could be determined. Assuming a direct connection.
I0425 11:53:18.898249 256162 client.go:589] [DEBUG] GET https://server.codeium.com/exa.api_server_pb.ApiServerService/GetCompletions
2024-04-25 11:53:20.102 [INFO]: [Language Server (stderr)]:
I0425 11:53:20.101532 256162 unleash.go:90] Initializing Unleash
2024-04-25 11:53:21.466 [INFO]: [Language Server (stderr)]:
I0425 11:53:21.465552 256162 unleash.go:110] Successfully initialized Unleash
2024-04-25 11:53:21.495 [INFO]: [Language Server (stderr)]:
E0425 11:53:21.494265 256162 client_manager.go:262] Metadata is nil when trying to refresh user JWT
2024-04-25 11:53:21.496 [INFO]: [Language Server (stderr)]:
I0425 11:53:21.495112 256162 server.go:356] Successfully created API server client
2024-04-25 11:53:21.585 [INFO]: [Language Server (stderr)]:
I0425 11:53:21.584484 256162 server.go:365] Successfully initialized tokenizer
I0425 11:53:21.584634 256162 server.go:420] Local search is enabled, will index local files.
I0425 11:53:21.584654 256162 server.go:424] Using 2 indexer workers
2024-04-25 11:53:21.586 [INFO]: [Language Server (stderr)]:
I0425 11:53:21.584707 256162 search_provider.go:164] Using database at /home/thomas/.codeium/database/9c0694567290725d9dcba14ade58e297/2/MODEL_EMBED_6591
2024-04-25 11:53:21.587 [INFO]: [Language Server (stderr)]:
I0425 11:53:21.586524 256162 search_provider.go:176] Successfully created embedding search database
2024-04-25 11:53:21.589 [INFO]: [Language Server (stderr)]:
I0425 11:53:21.587363 256162 search_provider.go:198] Successfully created and started indexer
I0425 11:53:21.587481 256162 search_provider.go:224] Successfully created embedding search provider
I0425 11:53:21.587505 256162 server.go:458] Successfully created exact search provider
2024-04-25 11:53:21.599 [INFO]: [Language Server (stderr)]:
I0425 11:53:21.598736 256162 server.go:486] Successfully created completion provider
2024-04-25 11:53:21.768 [INFO]: [Language Server (stderr)]:
I0425 11:53:21.767230 256162 server.go:576] Child process attempting to acquire lock file /tmp/bba87820-bb93-4aa1-903c-82e7a627dd29/codeium/manager/locks/child_lock_1714022598372312411_7888049550475926124
I0425 11:53:21.767351 256162 server.go:586] Child process acquired lock file /tmp/bba87820-bb93-4aa1-903c-82e7a627dd29/codeium/manager/locks/child_lock_1714022598372312411_7888049550475926124
2024-04-25 11:53:21.777 [INFO]: [Language Server (stderr)]:
I0425 11:53:21.776316 256162 server.go:184] LSP listening on random port at 33021
2024-04-25 11:53:21.778 [INFO]: [Language Server (stderr)]:
I0425 11:53:21.777032 256162 web_server.go:239] Chat Web Server listening at ws://127.0.0.1:42251
2024-04-25 11:53:21.796 [INFO]: [Language Server (stdout)]:
33021
2024-04-25 11:53:21.797 [INFO]: [Language Server (stderr)]:
I0425 11:53:21.796326 256149 main.go:284] Language server manager found random server port 46483
I0425 11:53:21.796383 256149 main.go:285] Language server manager found random lsp port 33021
I0425 11:53:21.796449 256149 main.go:292] Language server manager attempting to connect to language server at 127.0.0.1:46483
2024-04-25 11:53:21.829 [INFO]: [Language Server (stderr)]:
I0425 11:53:21.828553 256149 main.go:163] Fixing language server port at 46483
I0425 11:53:21.828593 256149 main.go:343] Language server manager successfully connected to new language server at 127.0.0.1:46483
2024-04-25 11:53:21.859 [INFO]: Found language server running on port 46483
2024-04-25 11:53:21.867 [INFO]: Downloaded binary: /home/thomas/.codeium/bin/af6b6c543b224d348a8876f0c06245d9ea7929c5/ripgrep_linux_x64
2024-04-25 11:53:21.887 [INFO]: [Language Server (stderr)]:
I0425 11:53:21.886020 256162 rpcs_miscellaneous.go:103] Ripgrep available at /home/thomas/.codeium/bin/af6b6c543b224d348a8876f0c06245d9ea7929c5/ripgrep_linux_x64
2024-04-25 11:53:22.489 [INFO]: [Language Server (stderr)]:
I0425 11:53:22.486678 256162 rpcs_miscellaneous.go:297] University version is up to date.
2024-04-25 11:53:23.002 [INFO]: [Language Server (stderr)]:
I0425 11:53:23.001763 256162 utils.go:159] Analyzing workspace files for /home/thomas/Documents/projects/dataCrate/
2024-04-25 11:53:23.004 [INFO]: [Language Server (stderr)]:
I0425 11:53:23.003644 256162 utils.go:214] Done analyzing workspace files for /home/thomas/Documents/projects/dataCrate/
I0425 11:53:23.003689 256162 lsp.go:186] Found 22 files in workspace /home/thomas/Documents/projects/dataCrate/
2024-04-25 11:53:23.006 [INFO]: [Language Server (stderr)]:
I0425 11:53:23.004788 256162 indexing_listener.go:151] Add workspace event with uid: 1
2024-04-25 11:53:23.013 [INFO]: [Language Server (stderr)]:
I0425 11:53:23.012429 256162 lazy_model.go:29] Successfully created faiss index
2024-04-25 11:53:23.041 [INFO]: [Language Server (stderr)]:
I0425 11:53:23.040024 256162 indexing_listener.go:179] Done enqueue workspace with uid: 1
2024-04-25 11:53:23.414 [ERROR]: Cannot read properties of undefined (reading 'codeLenses')
2024-04-25 12:22:40.753 [INFO]: [Language Server (stderr)]:
E0425 12:22:40.751617 256162 api_server_client.go:168] Ping error: unavailable: EOF
2024-04-25 14:20:22.105 [INFO]: [Language Server (stderr)]:
E0425 14:20:22.103432 256162 unleash.go:60] Unleash error: Get "https://unleash.codeium.com/api/client/features": context deadline exceeded (Client.Timeout exceeded while awaiting headers)
2024-04-25 14:53:22.104 [INFO]: [Language Server (stderr)]:
E0425 14:53:22.103401 256162 unleash.go:60] Unleash error: Get "https://unleash.codeium.com/api/client/features": context deadline exceeded (Client.Timeout exceeded while awaiting headers)
2024-04-25 14:54:22.104 [INFO]: [Language Server (stderr)]:
E0425 14:54:22.103026 256162 unleash.go:60] Unleash error: Get "https://unleash.codeium.com/api/client/features": context deadline exceeded (Client.Timeout exceeded while awaiting headers)
2024-04-25 14:55:22.103 [INFO]: [Language Server (stderr)]:
E0425 14:55:22.102918 256162 unleash.go:60] Unleash error: Get "https://unleash.codeium.com/api/client/features": context deadline exceeded (Client.Timeout exceeded while awaiting headers)
2024-04-25 14:56:22.105 [INFO]: [Language Server (stderr)]:
E0425 14:56:22.103668 256162 unleash.go:60] Unleash error: Get "https://unleash.codeium.com/api/client/features": context deadline exceeded (Client.Timeout exceeded while awaiting headers)
2024-04-25 14:57:22.103 [INFO]: [Language Server (stderr)]:
E0425 14:57:22.103366 256162 unleash.go:60] Unleash error: Get "https://unleash.codeium.com/api/client/features": context deadline exceeded (Client.Timeout exceeded while awaiting headers)
2024-04-25 14:58:22.103 [INFO]: [Language Server (stderr)]:
E0425 14:58:22.102587 256162 unleash.go:60] Unleash error: Get "https://unleash.codeium.com/api/client/features": context deadline exceeded (Client.Timeout exceeded while awaiting headers)
2024-04-25 14:59:22.104 [INFO]: [Language Server (stderr)]:
E0425 14:59:22.103406 256162 unleash.go:60] Unleash error: Get "https://unleash.codeium.com/api/client/features": context deadline exceeded (Client.Timeout exceeded while awaiting headers)
2024-04-25 15:00:22.104 [INFO]: [Language Server (stderr)]:
E0425 15:00:22.103035 256162 unleash.go:60] Unleash error: Get "https://unleash.codeium.com/api/client/features": context deadline exceeded (Client.Timeout exceeded while awaiting headers)
2024-04-25 15:01:22.105 [INFO]: [Language Server (stderr)]:
E0425 15:01:22.103717 256162 unleash.go:60] Unleash error: Get "https://unleash.codeium.com/api/client/features": context deadline exceeded (Client.Timeout exceeded while awaiting headers)
2024-04-25 15:02:22.106 [INFO]: [Language Server (stderr)]:
E0425 15:02:22.103728 256162 unleash.go:60] Unleash error: Get "https://unleash.codeium.com/api/client/features": context deadline exceeded (Client.Timeout exceeded while awaiting headers)
2024-04-25 15:03:22.103 [INFO]: [Language Server (stderr)]:
E0425 15:03:22.102427 256162 unleash.go:60] Unleash error: Get "https://unleash.codeium.com/api/client/features": context deadline exceeded (Client.Timeout exceeded while awaiting headers)
2024-04-25 15:04:22.105 [INFO]: [Language Server (stderr)]:
E0425 15:04:22.104001 256162 unleash.go:60] Unleash error: Get "https://unleash.codeium.com/api/client/features": context deadline exceeded (Client.Timeout exceeded while awaiting headers)
2024-04-25 15:05:22.104 [INFO]: [Language Server (stderr)]:
E0425 15:05:22.102698 256162 unleash.go:60] Unleash error: Get "https://unleash.codeium.com/api/client/features": context deadline exceeded (Client.Timeout exceeded while awaiting headers)
2024-04-25 15:06:22.105 [INFO]: [Language Server (stderr)]:
E0425 15:06:22.103059 256162 unleash.go:60] Unleash error: Get "https://unleash.codeium.com/api/client/features": context deadline exceeded (Client.Timeout exceeded while awaiting headers)
2024-04-25 15:08:22.105 [INFO]: [Language Server (stderr)]:
E0425 15:08:22.103239 256162 unleash.go:60] Unleash error: Get "https://unleash.codeium.com/api/client/features": context deadline exceeded (Client.Timeout exceeded while awaiting headers)
2024-04-25 15:09:22.104 [INFO]: [Language Server (stderr)]:
E0425 15:09:22.102879 256162 unleash.go:60] Unleash error: Get "https://unleash.codeium.com/api/client/features": context deadline exceeded (Client.Timeout exceeded while awaiting headers)
2024-04-25 15:10:22.104 [INFO]: [Language Server (stderr)]:
E0425 15:10:22.103517 256162 unleash.go:60] Unleash error: Get "https://unleash.codeium.com/api/client/features": context deadline exceeded (Client.Timeout exceeded while awaiting headers)
2024-04-25 15:11:22.105 [INFO]: [Language Server (stderr)]:
E0425 15:11:22.105112 256162 unleash.go:60] Unleash error: Get "https://unleash.codeium.com/api/client/features": context deadline exceeded (Client.Timeout exceeded while awaiting headers)
2024-04-25 15:12:22.105 [INFO]: [Language Server (stderr)]:
E0425 15:12:22.103189 256162 unleash.go:60] Unleash error: Get "https://unleash.codeium.com/api/client/features": context deadline exceeded (Client.Timeout exceeded while awaiting headers)
2024-04-25 15:13:22.103 [INFO]: [Language Server (stderr)]:
E0425 15:13:22.102809 256162 unleash.go:60] Unleash error: Get "https://unleash.codeium.com/api/client/features": context deadline exceeded (Client.Timeout exceeded while awaiting headers)
2024-04-25 15:14:22.105 [INFO]: [Language Server (stderr)]:
E0425 15:14:22.103331 256162 unleash.go:60] Unleash error: Get "https://unleash.codeium.com/api/client/features": context deadline exceeded (Client.Timeout exceeded while awaiting headers)
2024-04-25 15:16:22.104 [INFO]: [Language Server (stderr)]:
E0425 15:16:22.102894 256162 unleash.go:60] Unleash error: Get "https://unleash.codeium.com/api/client/features": context deadline exceeded (Client.Timeout exceeded while awaiting headers)
2024-04-25 15:17:22.106 [INFO]: [Language Server (stderr)]:
E0425 15:17:22.103977 256162 unleash.go:60] Unleash error: Get "https://unleash.codeium.com/api/client/features": context deadline exceeded (Client.Timeout exceeded while awaiting headers)
2024-04-25 15:18:22.105 [INFO]: [Language Server (stderr)]:
E0425 15:18:22.103640 256162 unleash.go:60] Unleash error: Get "https://unleash.codeium.com/api/client/features": context deadline exceeded (Client.Timeout exceeded while awaiting headers)
2024-04-25 15:19:22.105 [INFO]: [Language Server (stderr)]:
E0425 15:19:22.103545 256162 unleash.go:60] Unleash error: Get "https://unleash.codeium.com/api/client/features": context deadline exceeded (Client.Timeout exceeded while awaiting headers)
2024-04-25 15:20:22.105 [INFO]: [Language Server (stderr)]:
E0425 15:20:22.103284 256162 unleash.go:60] Unleash error: Get "https://unleash.codeium.com/api/client/features": context deadline exceeded (Client.Timeout exceeded while awaiting headers)
2024-04-25 15:21:22.105 [INFO]: [Language Server (stderr)]:
E0425 15:21:22.104081 256162 unleash.go:60] Unleash error: Get "https://unleash.codeium.com/api/client/features": context deadline exceeded (Client.Timeout exceeded while awaiting headers)
2024-04-25 15:22:22.104 [INFO]: [Language Server (stderr)]:
E0425 15:22:22.102359 256162 unleash.go:60] Unleash error: Get "https://unleash.codeium.com/api/client/features": context deadline exceeded (Client.Timeout exceeded while awaiting headers)
2024-04-25 15:23:22.106 [INFO]: [Language Server (stderr)]:
E0425 15:23:22.102608 256162 unleash.go:60] Unleash error: Get "https://unleash.codeium.com/api/client/features": context deadline exceeded (Client.Timeout exceeded while awaiting headers)
2024-04-25 15:24:22.110 [INFO]: [Language Server (stderr)]:
E0425 15:24:22.102981 256162 unleash.go:60] Unleash error: Get "https://unleash.codeium.com/api/client/features": context deadline exceeded (Client.Timeout exceeded while awaiting headers)
2024-04-25 15:25:22.103 [INFO]: [Language Server (stderr)]:
E0425 15:25:22.102513 256162 unleash.go:60] Unleash error: Get "https://unleash.codeium.com/api/client/features": context deadline exceeded (Client.Timeout exceeded while awaiting headers)
2024-04-25 15:26:22.104 [INFO]: [Language Server (stderr)]:
E0425 15:26:22.103475 256162 unleash.go:60] Unleash error: Get "https://unleash.codeium.com/api/client/features": context deadline exceeded (Client.Timeout exceeded while awaiting headers)
2024-04-25 15:27:22.105 [INFO]: [Language Server (stderr)]:
E0425 15:27:22.103411 256162 unleash.go:60] Unleash error: Get "https://unleash.codeium.com/api/client/features": context deadline exceeded (Client.Timeout exceeded while awaiting headers)
2024-04-25 15:28:22.105 [INFO]: [Language Server (stderr)]:
E0425 15:28:22.102392 256162 unleash.go:60] Unleash error: Get "https://unleash.codeium.com/api/client/features": context deadline exceeded (Client.Timeout exceeded while awaiting headers)
2024-04-25 15:30:22.104 [INFO]: [Language Server (stderr)]:
E0425 15:30:22.103333 256162 unleash.go:60] Unleash error: Get "https://unleash.codeium.com/api/client/features": context deadline exceeded (Client.Timeout exceeded while awaiting headers)
2024-04-25 15:31:22.104 [INFO]: [Language Server (stderr)]:
E0425 15:31:22.102657 256162 unleash.go:60] Unleash error: Get "https://unleash.codeium.com/api/client/features": context deadline exceeded (Client.Timeout exceeded while awaiting headers)
2024-04-25 15:32:22.103 [INFO]: [Language Server (stderr)]:
E0425 15:32:22.102920 256162 unleash.go:60] Unleash error: Get "https://unleash.codeium.com/api/client/features": context deadline exceeded (Client.Timeout exceeded while awaiting headers)
2024-04-25 15:33:01.412 [INFO]: Disposing language server process
2024-04-25 15:33:01.412 [INFO]: Deleting manager directory: /tmp/bba87820-bb93-4aa1-903c-82e7a627dd29/codeium/manager
2024-04-25 15:33:01.414 [INFO]: Successfully disposed language server
2024-04-25 15:33:01.442 [INFO]: [Language Server (stderr)]:
W0425 15:33:01.412761 256149 main.go:114] Language server manager got signal terminated, shutting down
