2024-04-25 11:52:09.526 [info] Extension host with pid 253031 started
2024-04-25 11:52:09.526 [info] Skipping acquiring lock for /home/thomas/.config/Code - OSS/User/workspaceStorage/0ca3bfcccf2ae7addc6f81eef66c44a8.
2024-04-25 11:52:09.584 [info] ExtensionService#_doActivateExtension vscode.git-base, startup: true, activationEvent: '*', root cause: vscode.git
2024-04-25 11:52:09.588 [info] ExtensionService#_doActivateExtension christian-kohler.path-intellisense, startup: true, activationEvent: '*'
2024-04-25 11:52:09.603 [info] ExtensionService#_doActivateExtension formulahendry.auto-close-tag, startup: true, activationEvent: '*'
2024-04-25 11:52:09.604 [info] ExtensionService#_doActivateExtension formulahendry.auto-rename-tag, startup: true, activationEvent: '*'
2024-04-25 11:52:09.617 [info] ExtensionService#_doActivateExtension s-nlf-fh.glassit, startup: true, activationEvent: '*'
2024-04-25 11:52:09.833 [info] ExtensionService#_doActivateExtension vscode.git, startup: true, activationEvent: '*'
2024-04-25 11:52:09.865 [info] ExtensionService#_doActivateExtension vscode.github, startup: true, activationEvent: '*'
2024-04-25 11:52:10.045 [info] ExtensionService#_doActivateExtension vscode.json-language-features, startup: false, activationEvent: 'onLanguage:jsonc'
2024-04-25 11:52:10.073 [info] ExtensionService#_doActivateExtension vscode.typescript-language-features, startup: false, activationEvent: 'onLanguage:jsonc'
2024-04-25 11:52:10.109 [info] ExtensionService#_doActivateExtension vscode.emmet, startup: false, activationEvent: 'onLanguage'
2024-04-25 11:52:10.212 [info] Eager extensions activated
2024-04-25 11:52:10.285 [info] ExtensionService#_doActivateExtension vscode.github-authentication, startup: false, activationEvent: 'onAuthenticationRequest:github'
2024-04-25 11:52:10.304 [info] ExtensionService#_doActivateExtension vscode.debug-auto-launch, startup: false, activationEvent: 'onStartupFinished'
2024-04-25 11:52:10.305 [info] ExtensionService#_doActivateExtension vscode.merge-conflict, startup: false, activationEvent: 'onStartupFinished'
2024-04-25 11:52:10.313 [info] ExtensionService#_doActivateExtension bradlc.vscode-tailwindcss, startup: false, activationEvent: 'onStartupFinished'
2024-04-25 11:52:10.338 [info] ExtensionService#_doActivateExtension Catppuccin.catppuccin-vsc, startup: false, activationEvent: 'onStartupFinished'
2024-04-25 11:52:10.341 [info] ExtensionService#_doActivateExtension Codeium.codeium, startup: false, activationEvent: 'onStartupFinished'
2024-04-25 11:52:10.537 [info] ExtensionService#_doActivateExtension cyrilletuzi.angular-schematics, startup: false, activationEvent: 'onStartupFinished'
2024-04-25 11:52:10.749 [info] ExtensionService#_doActivateExtension dbaeumer.vscode-eslint, startup: false, activationEvent: 'onStartupFinished'
2024-04-25 11:52:10.758 [info] ExtensionService#_doActivateExtension esbenp.prettier-vscode, startup: false, activationEvent: 'onStartupFinished'
2024-04-25 11:52:10.788 [info] ExtensionService#_doActivateExtension PKief.material-icon-theme, startup: false, activationEvent: 'onStartupFinished'
2024-04-25 11:52:19.900 [info] Extension host terminating: renderer closed the MessagePort
2024-04-25 11:52:19.928 [error] Canceled: Canceled
    at new O (/usr/lib/code/out/vs/workbench/api/node/extensionHostProcess.js:142:46998)
    at u.U (/usr/lib/code/out/vs/workbench/api/node/extensionHostProcess.js:149:5539)
    at Proxy.F.<computed>.T.charCodeAt.F.<computed> (/usr/lib/code/out/vs/workbench/api/node/extensionHostProcess.js:149:2993)
    at d.g (/usr/lib/code/out/vs/workbench/api/node/extensionHostProcess.js:152:186335)
    at d.executeCommand (/usr/lib/code/out/vs/workbench/api/node/extensionHostProcess.js:152:185773)
    at E.registerCommand.description (/usr/lib/code/out/vs/workbench/api/node/extensionHostProcess.js:152:185097)
    at d.h (/usr/lib/code/out/vs/workbench/api/node/extensionHostProcess.js:152:186874)
    at d.g (/usr/lib/code/out/vs/workbench/api/node/extensionHostProcess.js:152:185866)
    at d.executeCommand (/usr/lib/code/out/vs/workbench/api/node/extensionHostProcess.js:152:185773)
    at Object.executeCommand (/usr/lib/code/out/vs/workbench/api/node/extensionHostProcess.js:162:22785)
    at o.O [as value] (/usr/lib/code/extensions/git/dist/main.js:2:945802)
    at s.y (/usr/lib/code/out/vs/workbench/api/node/extensionHostProcess.js:82:659)
    at s.z (/usr/lib/code/out/vs/workbench/api/node/extensionHostProcess.js:82:729)
    at s.fire (/usr/lib/code/out/vs/workbench/api/node/extensionHostProcess.js:82:945)
    at Object.m [as dispose] (/usr/lib/code/extensions/git/dist/main.js:2:964886)
    at /usr/lib/code/extensions/git/dist/main.js:2:970920
    at Array.forEach (<anonymous>)
    at f.dispose (/usr/lib/code/extensions/git/dist/main.js:2:970906)
    at a.<anonymous> (/usr/lib/code/out/vs/workbench/api/node/extensionHostProcess.js:150:3830)
    at a.dispose (/usr/lib/code/out/vs/workbench/api/node/extensionHostProcess.js:150:3927)
    at a.<anonymous> (/usr/lib/code/extensions/git/dist/main.js:2:948059)
    at a.dispose (/usr/lib/code/out/vs/workbench/api/node/extensionHostProcess.js:150:3927)
    at o (/usr/lib/code/out/vs/workbench/api/node/extensionHostProcess.js:30:714)
    at m.eb (/usr/lib/code/out/vs/workbench/api/node/extensionHostProcess.js:158:9967)
    at /usr/lib/code/out/vs/workbench/api/node/extensionHostProcess.js:158:7816
    at Array.map (<anonymous>)
    at m.$ (/usr/lib/code/out/vs/workbench/api/node/extensionHostProcess.js:158:7803)
    at m.terminate (/usr/lib/code/out/vs/workbench/api/node/extensionHostProcess.js:158:8077)
    at o.terminate (/usr/lib/code/out/vs/workbench/api/node/extensionHostProcess.js:162:1513)
    at t (/usr/lib/code/out/vs/workbench/api/node/extensionHostProcess.js:175:9917)
    at MessagePortMain.<anonymous> (/usr/lib/code/out/vs/workbench/api/node/extensionHostProcess.js:175:6342)
    at MessagePortMain.emit (node:events:517:28)
    at MessagePortMain.emit (node:domain:489:12)
    at Object.MessagePortMain._internalPort.emit (node:electron/js2c/utility_init:2:2285) setContext undefined
2024-04-25 11:52:19.932 [error] Canceled: Canceled
    at new O (/usr/lib/code/out/vs/workbench/api/node/extensionHostProcess.js:142:46998)
    at u.U (/usr/lib/code/out/vs/workbench/api/node/extensionHostProcess.js:149:5539)
    at Proxy.F.<computed>.T.charCodeAt.F.<computed> (/usr/lib/code/out/vs/workbench/api/node/extensionHostProcess.js:149:2993)
    at d.g (/usr/lib/code/out/vs/workbench/api/node/extensionHostProcess.js:152:186335)
    at d.executeCommand (/usr/lib/code/out/vs/workbench/api/node/extensionHostProcess.js:152:185773)
    at E.registerCommand.description (/usr/lib/code/out/vs/workbench/api/node/extensionHostProcess.js:152:185097)
    at d.h (/usr/lib/code/out/vs/workbench/api/node/extensionHostProcess.js:152:186874)
    at d.g (/usr/lib/code/out/vs/workbench/api/node/extensionHostProcess.js:152:185866)
    at d.executeCommand (/usr/lib/code/out/vs/workbench/api/node/extensionHostProcess.js:152:185773)
    at Object.executeCommand (/usr/lib/code/out/vs/workbench/api/node/extensionHostProcess.js:162:22785)
    at a.VscodeDevShareProvider.set hasGitHubRepositories [as hasGitHubRepositories] (/usr/lib/code/extensions/github/dist/extension.js:2:324866)
    at /usr/lib/code/extensions/github/dist/extension.js:2:325825
    at o.value (/usr/lib/code/extensions/git/dist/main.js:2:1051703)
    at s.y (/usr/lib/code/out/vs/workbench/api/node/extensionHostProcess.js:82:659)
    at s.z (/usr/lib/code/out/vs/workbench/api/node/extensionHostProcess.js:82:729)
    at s.fire (/usr/lib/code/out/vs/workbench/api/node/extensionHostProcess.js:82:945)
    at Object.m [as dispose] (/usr/lib/code/extensions/git/dist/main.js:2:964886)
    at /usr/lib/code/extensions/git/dist/main.js:2:970920
    at Array.forEach (<anonymous>)
    at f.dispose (/usr/lib/code/extensions/git/dist/main.js:2:970906)
    at a.<anonymous> (/usr/lib/code/out/vs/workbench/api/node/extensionHostProcess.js:150:3830)
    at a.dispose (/usr/lib/code/out/vs/workbench/api/node/extensionHostProcess.js:150:3927)
    at a.<anonymous> (/usr/lib/code/extensions/git/dist/main.js:2:948059)
    at a.dispose (/usr/lib/code/out/vs/workbench/api/node/extensionHostProcess.js:150:3927)
    at o (/usr/lib/code/out/vs/workbench/api/node/extensionHostProcess.js:30:714)
    at m.eb (/usr/lib/code/out/vs/workbench/api/node/extensionHostProcess.js:158:9967)
    at /usr/lib/code/out/vs/workbench/api/node/extensionHostProcess.js:158:7816
    at Array.map (<anonymous>)
    at m.$ (/usr/lib/code/out/vs/workbench/api/node/extensionHostProcess.js:158:7803)
    at m.terminate (/usr/lib/code/out/vs/workbench/api/node/extensionHostProcess.js:158:8077)
    at o.terminate (/usr/lib/code/out/vs/workbench/api/node/extensionHostProcess.js:162:1513)
    at t (/usr/lib/code/out/vs/workbench/api/node/extensionHostProcess.js:175:9917)
    at MessagePortMain.<anonymous> (/usr/lib/code/out/vs/workbench/api/node/extensionHostProcess.js:175:6342)
    at MessagePortMain.emit (node:events:517:28)
    at MessagePortMain.emit (node:domain:489:12)
    at Object.MessagePortMain._internalPort.emit (node:electron/js2c/utility_init:2:2285) setContext undefined
2024-04-25 11:52:19.938 [info] Extension host with pid 253031 exiting with code 0
